<?xml version="1.0" encoding="UTF-8"?>
<coverage generated="1779961062601" clover="3.2.0">
  <project timestamp="1779961062602" name="All files">
    <metrics statements="452" coveredstatements="355" conditionals="246" coveredconditionals="215" methods="122" coveredmethods="83" elements="820" coveredelements="653" complexity="0" loc="452" ncloc="452" packages="21" files="41" classes="41"/>
    <package name="app">
      <metrics statements="2" coveredstatements="2" conditionals="10" coveredconditionals="10" methods="1" coveredmethods="1"/>
      <file name="app.html" path="D:\projet_openclass_room\projet_4\Prenez en charge le développement d'une application full-stack complète\Front\mdd-front\src\app\app.html">
        <metrics statements="1" coveredstatements="1" conditionals="0" coveredconditionals="0" methods="0" coveredmethods="0"/>
        <line num="1" count="2" type="stmt"/>
      </file>
      <file name="app.ts" path="D:\projet_openclass_room\projet_4\Prenez en charge le développement d'une application full-stack complète\Front\mdd-front\src\app\app.ts">
        <metrics statements="1" coveredstatements="1" conditionals="10" coveredconditionals="10" methods="1" coveredmethods="1"/>
        <line num="16" count="4" type="cond" truecount="10" falsecount="0"/>
      </file>
    </package>
    <package name="app.core.guards">
      <metrics statements="8" coveredstatements="8" conditionals="2" coveredconditionals="2" methods="1" coveredmethods="1"/>
      <file name="auth-guard.ts" path="D:\projet_openclass_room\projet_4\Prenez en charge le développement d'une application full-stack complète\Front\mdd-front\src\app\core\guards\auth-guard.ts">
        <metrics statements="8" coveredstatements="8" conditionals="2" coveredconditionals="2" methods="1" coveredmethods="1"/>
        <line num="11" count="1" type="stmt"/>
        <line num="13" count="2" type="stmt"/>
        <line num="15" count="2" type="stmt"/>
        <line num="17" count="2" type="stmt"/>
        <line num="19" count="2" type="cond" truecount="2" falsecount="0"/>
        <line num="21" count="1" type="stmt"/>
        <line num="24" count="1" type="stmt"/>
        <line num="26" count="1" type="stmt"/>
      </file>
    </package>
    <package name="app.core.interceptors">
      <metrics statements="5" coveredstatements="5" conditionals="2" coveredconditionals="2" methods="1" coveredmethods="1"/>
      <file name="jwt-interceptor.ts" path="D:\projet_openclass_room\projet_4\Prenez en charge le développement d'une application full-stack complète\Front\mdd-front\src\app\core\interceptors\jwt-interceptor.ts">
        <metrics statements="5" coveredstatements="5" conditionals="2" coveredconditionals="2" methods="1" coveredmethods="1"/>
        <line num="5" count="1" type="stmt"/>
        <line num="10" count="2" type="stmt"/>
        <line num="12" count="2" type="cond" truecount="2" falsecount="0"/>
        <line num="14" count="1" type="stmt"/>
        <line num="23" count="2" type="stmt"/>
      </file>
    </package>
    <package name="app.core.services">
      <metrics statements="85" coveredstatements="69" conditionals="54" coveredconditionals="40" methods="29" coveredmethods="26"/>
      <file name="auth.service.ts" path="D:\projet_openclass_room\projet_4\Prenez en charge le développement d'une application full-stack complète\Front\mdd-front\src\app\core\services\auth.service.ts">
        <metrics statements="67" coveredstatements="51" conditionals="39" coveredconditionals="25" methods="17" coveredmethods="14"/>
        <line num="18" count="12" type="cond" truecount="5" falsecount="0"/>
        <line num="20" count="12" type="stmt"/>
        <line num="22" count="12" type="stmt"/>
        <line num="25" count="12" type="stmt"/>
        <line num="26" count="12" type="stmt"/>
        <line num="33" count="1" type="stmt"/>
        <line num="43" count="1" type="stmt"/>
        <line num="49" count="1" type="stmt"/>
        <line num="50" count="1" type="stmt"/>
        <line num="51" count="1" type="stmt"/>
        <line num="57" count="2" type="stmt"/>
        <line num="58" count="2" type="stmt"/>
        <line num="59" count="2" type="stmt"/>
        <line num="63" count="2" type="cond" truecount="1" falsecount="1"/>
        <line num="64" count="0" type="stmt"/>
        <line num="67" count="2" type="stmt"/>
        <line num="69" count="2" type="cond" truecount="2" falsecount="0"/>
        <line num="70" count="1" type="stmt"/>
        <line num="73" count="1" type="cond" truecount="1" falsecount="1"/>
        <line num="74" count="0" type="stmt"/>
        <line num="75" count="0" type="stmt"/>
        <line num="78" count="1" type="stmt"/>
        <line num="82" count="3" type="cond" truecount="1" falsecount="1"/>
        <line num="83" count="0" type="stmt"/>
        <line num="86" count="3" type="cond" truecount="2" falsecount="0"/>
        <line num="87" count="1" type="stmt"/>
        <line num="88" count="1" type="stmt"/>
        <line num="91" count="2" type="stmt"/>
        <line num="95" count="13" type="cond" truecount="1" falsecount="1"/>
        <line num="96" count="0" type="stmt"/>
        <line num="99" count="13" type="cond" truecount="2" falsecount="0"/>
        <line num="100" count="12" type="stmt"/>
        <line num="103" count="1" type="stmt"/>
        <line num="104" count="1" type="stmt"/>
        <line num="108" count="12" type="cond" truecount="1" falsecount="1"/>
        <line num="109" count="0" type="stmt"/>
        <line num="112" count="12" type="stmt"/>
        <line num="114" count="12" type="stmt"/>
        <line num="122" count="12" type="stmt"/>
        <line num="123" count="60" type="stmt"/>
        <line num="126" count="12" type="stmt"/>
        <line num="127" count="0" type="cond" truecount="0" falsecount="4"/>
        <line num="128" count="0" type="cond" truecount="0" falsecount="2"/>
        <line num="129" count="0" type="stmt"/>
        <line num="131" count="0" type="stmt"/>
        <line num="138" count="4" type="cond" truecount="1" falsecount="1"/>
        <line num="139" count="0" type="stmt"/>
        <line num="142" count="4" type="stmt"/>
        <line num="144" count="4" type="cond" truecount="2" falsecount="0"/>
        <line num="145" count="1" type="stmt"/>
        <line num="148" count="3" type="stmt"/>
        <line num="152" count="6" type="stmt"/>
        <line num="153" count="6" type="cond" truecount="2" falsecount="0"/>
        <line num="157" count="2" type="stmt"/>
        <line num="159" count="2" type="stmt"/>
        <line num="160" count="2" type="cond" truecount="1" falsecount="1"/>
        <line num="161" count="0" type="stmt"/>
        <line num="164" count="2" type="stmt"/>
        <line num="165" count="2" type="cond" truecount="1" falsecount="1"/>
        <line num="166" count="0" type="stmt"/>
        <line num="167" count="0" type="stmt"/>
        <line num="170" count="2" type="stmt"/>
        <line num="171" count="0" type="stmt"/>
        <line num="172" count="0" type="stmt"/>
        <line num="177" count="4" type="cond" truecount="2" falsecount="0"/>
        <line num="178" count="1" type="stmt"/>
        <line num="179" count="1" type="stmt"/>
      </file>
      <file name="post.service.ts" path="D:\projet_openclass_room\projet_4\Prenez en charge le développement d'une application full-stack complète\Front\mdd-front\src\app\core\services\post.service.ts">
        <metrics statements="7" coveredstatements="7" conditionals="5" coveredconditionals="5" methods="5" coveredmethods="5"/>
        <line num="16" count="4" type="cond" truecount="5" falsecount="0"/>
        <line num="18" count="4" type="stmt"/>
        <line num="20" count="4" type="stmt"/>
        <line num="24" count="1" type="stmt"/>
        <line num="30" count="1" type="stmt"/>
        <line num="37" count="1" type="stmt"/>
        <line num="46" count="1" type="stmt"/>
      </file>
      <file name="topic.ts" path="D:\projet_openclass_room\projet_4\Prenez en charge le développement d'une application full-stack complète\Front\mdd-front\src\app\core\services\topic.ts">
        <metrics statements="6" coveredstatements="6" conditionals="5" coveredconditionals="5" methods="4" coveredmethods="4"/>
        <line num="14" count="4" type="cond" truecount="5" falsecount="0"/>
        <line num="16" count="3" type="stmt"/>
        <line num="18" count="3" type="stmt"/>
        <line num="22" count="1" type="stmt"/>
        <line num="29" count="1" type="stmt"/>
        <line num="37" count="1" type="stmt"/>
      </file>
      <file name="user.ts" path="D:\projet_openclass_room\projet_4\Prenez en charge le développement d'une application full-stack complète\Front\mdd-front\src\app\core\services\user.ts">
        <metrics statements="5" coveredstatements="5" conditionals="5" coveredconditionals="5" methods="3" coveredmethods="3"/>
        <line num="21" count="2" type="cond" truecount="5" falsecount="0"/>
        <line num="23" count="2" type="stmt"/>
        <line num="25" count="2" type="stmt"/>
        <line num="29" count="1" type="stmt"/>
        <line num="38" count="1" type="stmt"/>
      </file>
    </package>
    <package name="app.features.auth.pages.home">
      <metrics statements="15" coveredstatements="13" conditionals="10" coveredconditionals="10" methods="6" coveredmethods="2"/>
      <file name="home.html" path="D:\projet_openclass_room\projet_4\Prenez en charge le développement d'une application full-stack complète\Front\mdd-front\src\app\features\auth\pages\home\home.html">
        <metrics statements="11" coveredstatements="11" conditionals="0" coveredconditionals="0" methods="2" coveredmethods="0"/>
        <line num="1" count="1" type="stmt"/>
        <line num="5" count="1" type="stmt"/>
        <line num="11" count="1" type="stmt"/>
        <line num="13" count="1" type="stmt"/>
        <line num="18" count="1" type="stmt"/>
        <line num="20" count="1" type="stmt"/>
        <line num="21" count="1" type="stmt"/>
        <line num="23" count="1" type="stmt"/>
        <line num="27" count="1" type="stmt"/>
        <line num="29" count="1" type="stmt"/>
        <line num="30" count="1" type="stmt"/>
      </file>
      <file name="home.ts" path="D:\projet_openclass_room\projet_4\Prenez en charge le développement d'une application full-stack complète\Front\mdd-front\src\app\features\auth\pages\home\home.ts">
        <metrics statements="4" coveredstatements="2" conditionals="10" coveredconditionals="10" methods="4" coveredmethods="2"/>
        <line num="13" count="3" type="cond" truecount="10" falsecount="0"/>
        <line num="15" count="1" type="stmt"/>
        <line num="18" count="0" type="stmt"/>
        <line num="22" count="0" type="stmt"/>
      </file>
    </package>
    <package name="app.features.auth.pages.login">
      <metrics statements="31" coveredstatements="28" conditionals="12" coveredconditionals="11" methods="8" coveredmethods="4"/>
      <file name="login.html" path="D:\projet_openclass_room\projet_4\Prenez en charge le développement d'une application full-stack complète\Front\mdd-front\src\app\features\auth\pages\login\login.html">
        <metrics statements="19" coveredstatements="19" conditionals="0" coveredconditionals="0" methods="2" coveredmethods="0"/>
        <line num="1" count="2" type="stmt"/>
        <line num="6" count="2" type="stmt"/>
        <line num="8" count="2" type="stmt"/>
        <line num="11" count="2" type="stmt"/>
        <line num="17" count="2" type="stmt"/>
        <line num="19" count="2" type="stmt"/>
        <line num="20" count="4" type="stmt"/>
        <line num="21" count="2" type="stmt"/>
        <line num="25" count="2" type="stmt"/>
        <line num="27" count="2" type="stmt"/>
        <line num="29" count="2" type="stmt"/>
        <line num="34" count="2" type="stmt"/>
        <line num="36" count="2" type="stmt"/>
        <line num="38" count="2" type="stmt"/>
        <line num="40" count="2" type="stmt"/>
        <line num="46" count="2" type="stmt"/>
        <line num="48" count="2" type="stmt"/>
        <line num="53" count="2" type="stmt"/>
        <line num="54" count="2" type="stmt"/>
      </file>
      <file name="login.ts" path="D:\projet_openclass_room\projet_4\Prenez en charge le développement d'une application full-stack complète\Front\mdd-front\src\app\features\auth\pages\login\login.ts">
        <metrics statements="12" coveredstatements="9" conditionals="12" coveredconditionals="11" methods="6" coveredmethods="4"/>
        <line num="48" count="6" type="cond" truecount="10" falsecount="0"/>
        <line num="53" count="2" type="stmt"/>
        <line num="55" count="2" type="stmt"/>
        <line num="57" count="2" type="stmt"/>
        <line num="60" count="2" type="stmt"/>
        <line num="76" count="0" type="stmt"/>
        <line num="81" count="1" type="cond" truecount="1" falsecount="1"/>
        <line num="83" count="0" type="stmt"/>
        <line num="86" count="1" type="stmt"/>
        <line num="92" count="1" type="stmt"/>
        <line num="97" count="1" type="stmt"/>
        <line num="102" count="0" type="stmt"/>
      </file>
    </package>
    <package name="app.features.auth.pages.register">
      <metrics statements="34" coveredstatements="32" conditionals="12" coveredconditionals="12" methods="8" coveredmethods="4"/>
      <file name="register.html" path="D:\projet_openclass_room\projet_4\Prenez en charge le développement d'une application full-stack complète\Front\mdd-front\src\app\features\auth\pages\register\register.html">
        <metrics statements="23" coveredstatements="23" conditionals="0" coveredconditionals="0" methods="2" coveredmethods="0"/>
        <line num="1" count="3" type="stmt"/>
        <line num="6" count="3" type="stmt"/>
        <line num="8" count="3" type="stmt"/>
        <line num="11" count="3" type="stmt"/>
        <line num="17" count="3" type="stmt"/>
        <line num="19" count="3" type="stmt"/>
        <line num="20" count="6" type="stmt"/>
        <line num="21" count="3" type="stmt"/>
        <line num="25" count="3" type="stmt"/>
        <line num="27" count="3" type="stmt"/>
        <line num="29" count="3" type="stmt"/>
        <line num="34" count="3" type="stmt"/>
        <line num="36" count="3" type="stmt"/>
        <line num="38" count="3" type="stmt"/>
        <line num="40" count="3" type="stmt"/>
        <line num="46" count="3" type="stmt"/>
        <line num="48" count="3" type="stmt"/>
        <line num="50" count="3" type="stmt"/>
        <line num="52" count="3" type="stmt"/>
        <line num="58" count="3" type="stmt"/>
        <line num="60" count="3" type="stmt"/>
        <line num="65" count="3" type="stmt"/>
        <line num="66" count="3" type="stmt"/>
      </file>
      <file name="register.ts" path="D:\projet_openclass_room\projet_4\Prenez en charge le développement d'une application full-stack complète\Front\mdd-front\src\app\features\auth\pages\register\register.ts">
        <metrics statements="11" coveredstatements="9" conditionals="12" coveredconditionals="12" methods="6" coveredmethods="4"/>
        <line num="32" count="9" type="cond" truecount="10" falsecount="0"/>
        <line num="37" count="3" type="stmt"/>
        <line num="38" count="3" type="stmt"/>
        <line num="39" count="3" type="stmt"/>
        <line num="42" count="3" type="stmt"/>
        <line num="65" count="0" type="stmt"/>
        <line num="70" count="2" type="cond" truecount="2" falsecount="0"/>
        <line num="71" count="1" type="stmt"/>
        <line num="74" count="1" type="stmt"/>
        <line num="80" count="1" type="stmt"/>
        <line num="85" count="0" type="stmt"/>
      </file>
    </package>
    <package name="app.features.feed.pages.feed">
      <metrics statements="30" coveredstatements="9" conditionals="10" coveredconditionals="6" methods="6" coveredmethods="5"/>
      <file name="feed.html" path="D:\projet_openclass_room\projet_4\Prenez en charge le développement d'une application full-stack complète\Front\mdd-front\src\app\features\feed\pages\feed\feed.html">
        <metrics statements="19" coveredstatements="0" conditionals="0" coveredconditionals="0" methods="0" coveredmethods="0"/>
        <line num="1" count="0" type="stmt"/>
        <line num="3" count="0" type="stmt"/>
        <line num="10" count="0" type="stmt"/>
        <line num="12" count="0" type="stmt"/>
        <line num="13" count="0" type="stmt"/>
        <line num="17" count="0" type="stmt"/>
        <line num="19" count="0" type="stmt"/>
        <line num="22" count="0" type="stmt"/>
        <line num="24" count="0" type="stmt"/>
        <line num="28" count="0" type="stmt"/>
        <line num="29" count="0" type="stmt"/>
        <line num="31" count="0" type="stmt"/>
        <line num="33" count="0" type="stmt"/>
        <line num="39" count="0" type="stmt"/>
        <line num="41" count="0" type="stmt"/>
        <line num="44" count="0" type="stmt"/>
        <line num="45" count="0" type="stmt"/>
        <line num="51" count="0" type="stmt"/>
        <line num="53" count="0" type="stmt"/>
      </file>
      <file name="feed.ts" path="D:\projet_openclass_room\projet_4\Prenez en charge le développement d'une application full-stack complète\Front\mdd-front\src\app\features\feed\pages\feed\feed.ts">
        <metrics statements="11" coveredstatements="9" conditionals="10" coveredconditionals="6" methods="6" coveredmethods="5"/>
        <line num="33" count="1" type="cond" truecount="6" falsecount="4"/>
        <line num="35" count="1" type="stmt"/>
        <line num="37" count="1" type="stmt"/>
        <line num="40" count="1" type="stmt"/>
        <line num="45" count="1" type="stmt"/>
        <line num="50" count="1" type="stmt"/>
        <line num="52" count="1" type="stmt"/>
        <line num="57" count="1" type="stmt"/>
        <line num="59" count="1" type="stmt"/>
        <line num="64" count="0" type="stmt"/>
        <line num="66" count="0" type="stmt"/>
      </file>
    </package>
    <package name="app.features.posts.create-post">
      <metrics statements="16" coveredstatements="15" conditionals="12" coveredconditionals="12" methods="8" coveredmethods="7"/>
      <file name="create-post.html" path="D:\projet_openclass_room\projet_4\Prenez en charge le développement d'une application full-stack complète\Front\mdd-front\src\app\features\posts\create-post\create-post.html">
        <metrics statements="1" coveredstatements="1" conditionals="0" coveredconditionals="0" methods="0" coveredmethods="0"/>
        <line num="1" count="3" type="stmt"/>
      </file>
      <file name="create-post.ts" path="D:\projet_openclass_room\projet_4\Prenez en charge le développement d'une application full-stack complète\Front\mdd-front\src\app\features\posts\create-post\create-post.ts">
        <metrics statements="15" coveredstatements="14" conditionals="12" coveredconditionals="12" methods="8" coveredmethods="7"/>
        <line num="53" count="9" type="cond" truecount="10" falsecount="0"/>
        <line num="58" count="3" type="stmt"/>
        <line num="61" count="3" type="stmt"/>
        <line num="63" count="3" type="stmt"/>
        <line num="65" count="3" type="stmt"/>
        <line num="67" count="3" type="stmt"/>
        <line num="70" count="3" type="stmt"/>
        <line num="91" count="3" type="stmt"/>
        <line num="96" count="3" type="stmt"/>
        <line num="101" count="3" type="stmt"/>
        <line num="108" count="2" type="cond" truecount="2" falsecount="0"/>
        <line num="110" count="1" type="stmt"/>
        <line num="113" count="1" type="stmt"/>
        <line num="119" count="1" type="stmt"/>
        <line num="124" count="0" type="stmt"/>
      </file>
    </package>
    <package name="app.features.posts.feed">
      <metrics statements="8" coveredstatements="2" conditionals="10" coveredconditionals="6" methods="1" coveredmethods="1"/>
      <file name="feed.html" path="D:\projet_openclass_room\projet_4\Prenez en charge le développement d'une application full-stack complète\Front\mdd-front\src\app\features\posts\feed\feed.html">
        <metrics statements="6" coveredstatements="0" conditionals="0" coveredconditionals="0" methods="0" coveredmethods="0"/>
        <line num="1" count="0" type="stmt"/>
        <line num="6" count="0" type="stmt"/>
        <line num="7" count="0" type="stmt"/>
        <line num="8" count="0" type="stmt"/>
        <line num="10" count="0" type="stmt"/>
        <line num="11" count="0" type="stmt"/>
      </file>
      <file name="feed.ts" path="D:\projet_openclass_room\projet_4\Prenez en charge le développement d'une application full-stack complète\Front\mdd-front\src\app\features\posts\feed\feed.ts">
        <metrics statements="2" coveredstatements="2" conditionals="10" coveredconditionals="6" methods="1" coveredmethods="1"/>
        <line num="31" count="1" type="cond" truecount="6" falsecount="4"/>
        <line num="33" count="1" type="stmt"/>
      </file>
    </package>
    <package name="app.features.posts.pages.create-post">
      <metrics statements="46" coveredstatements="37" conditionals="12" coveredconditionals="10" methods="10" coveredmethods="5"/>
      <file name="create-post.html" path="D:\projet_openclass_room\projet_4\Prenez en charge le développement d'une application full-stack complète\Front\mdd-front\src\app\features\posts\pages\create-post\create-post.html">
        <metrics statements="30" coveredstatements="27" conditionals="0" coveredconditionals="0" methods="1" coveredmethods="0"/>
        <line num="1" count="1" type="stmt"/>
        <line num="3" count="1" type="stmt"/>
        <line num="6" count="1" type="stmt"/>
        <line num="7" count="1" type="stmt"/>
        <line num="9" count="1" type="stmt"/>
        <line num="10" count="2" type="stmt"/>
        <line num="11" count="1" type="stmt"/>
        <line num="15" count="1" type="stmt"/>
        <line num="18" count="1" type="stmt"/>
        <line num="19" count="1" type="stmt"/>
        <line num="21" count="1" type="stmt"/>
        <line num="23" count="1" type="stmt"/>
        <line num="24" count="2" type="stmt"/>
        <line num="25" count="0" type="stmt"/>
        <line num="28" count="0" type="stmt"/>
        <line num="30" count="0" type="stmt"/>
        <line num="32" count="1" type="stmt"/>
        <line num="36" count="1" type="stmt"/>
        <line num="39" count="1" type="stmt"/>
        <line num="40" count="1" type="stmt"/>
        <line num="42" count="1" type="stmt"/>
        <line num="47" count="1" type="stmt"/>
        <line num="49" count="1" type="stmt"/>
        <line num="52" count="1" type="stmt"/>
        <line num="53" count="1" type="stmt"/>
        <line num="55" count="1" type="stmt"/>
        <line num="60" count="1" type="stmt"/>
        <line num="64" count="1" type="stmt"/>
        <line num="70" count="1" type="stmt"/>
        <line num="72" count="1" type="stmt"/>
      </file>
      <file name="create-post.ts" path="D:\projet_openclass_room\projet_4\Prenez en charge le développement d'une application full-stack complète\Front\mdd-front\src\app\features\posts\pages\create-post\create-post.ts">
        <metrics statements="16" coveredstatements="10" conditionals="12" coveredconditionals="10" methods="9" coveredmethods="5"/>
        <line num="53" count="3" type="cond" truecount="10" falsecount="0"/>
        <line num="58" count="1" type="stmt"/>
        <line num="61" count="1" type="stmt"/>
        <line num="63" count="1" type="stmt"/>
        <line num="65" count="1" type="stmt"/>
        <line num="67" count="1" type="stmt"/>
        <line num="70" count="1" type="stmt"/>
        <line num="91" count="1" type="stmt"/>
        <line num="96" count="1" type="stmt"/>
        <line num="101" count="1" type="stmt"/>
        <line num="106" count="0" type="stmt"/>
        <line num="113" count="0" type="cond" truecount="0" falsecount="2"/>
        <line num="115" count="0" type="stmt"/>
        <line num="118" count="0" type="stmt"/>
        <line num="124" count="0" type="stmt"/>
        <line num="129" count="0" type="stmt"/>
      </file>
    </package>
    <package name="app.features.posts.pages.post-detail">
      <metrics statements="56" coveredstatements="39" conditionals="12" coveredconditionals="10" methods="10" coveredmethods="5"/>
      <file name="post-detail.html" path="D:\projet_openclass_room\projet_4\Prenez en charge le développement d'une application full-stack complète\Front\mdd-front\src\app\features\posts\pages\post-detail\post-detail.html">
        <metrics statements="36" coveredstatements="27" conditionals="0" coveredconditionals="0" methods="1" coveredmethods="0"/>
        <line num="1" count="1" type="stmt"/>
        <line num="3" count="1" type="stmt"/>
        <line num="5" count="2" type="stmt"/>
        <line num="12" count="2" type="stmt"/>
        <line num="14" count="1" type="stmt"/>
        <line num="16" count="1" type="stmt"/>
        <line num="18" count="2" type="stmt"/>
        <line num="28" count="1" type="stmt"/>
        <line num="30" count="1" type="stmt"/>
        <line num="34" count="2" type="stmt"/>
        <line num="36" count="1" type="stmt"/>
        <line num="42" count="1" type="stmt"/>
        <line num="45" count="1" type="stmt"/>
        <line num="46" count="1" type="stmt"/>
        <line num="48" count="1" type="stmt"/>
        <line num="50" count="2" type="stmt"/>
        <line num="56" count="0" type="stmt"/>
        <line num="57" count="0" type="stmt"/>
        <line num="59" count="0" type="stmt"/>
        <line num="61" count="0" type="stmt"/>
        <line num="66" count="0" type="stmt"/>
        <line num="70" count="0" type="stmt"/>
        <line num="71" count="0" type="stmt"/>
        <line num="72" count="0" type="stmt"/>
        <line num="76" count="1" type="stmt"/>
        <line num="78" count="1" type="stmt"/>
        <line num="79" count="2" type="stmt"/>
        <line num="80" count="0" type="stmt"/>
        <line num="84" count="1" type="stmt"/>
        <line num="87" count="1" type="stmt"/>
        <line num="88" count="1" type="stmt"/>
        <line num="90" count="1" type="stmt"/>
        <line num="95" count="1" type="stmt"/>
        <line num="99" count="1" type="stmt"/>
        <line num="105" count="1" type="stmt"/>
        <line num="107" count="1" type="stmt"/>
      </file>
      <file name="post-detail.ts" path="D:\projet_openclass_room\projet_4\Prenez en charge le développement d'une application full-stack complète\Front\mdd-front\src\app\features\posts\pages\post-detail\post-detail.ts">
        <metrics statements="20" coveredstatements="12" conditionals="12" coveredconditionals="10" methods="9" coveredmethods="5"/>
        <line num="56" count="3" type="cond" truecount="10" falsecount="0"/>
        <line num="63" count="1" type="stmt"/>
        <line num="66" count="1" type="stmt"/>
        <line num="68" count="1" type="stmt"/>
        <line num="70" count="1" type="stmt"/>
        <line num="73" count="1" type="stmt"/>
        <line num="84" count="1" type="stmt"/>
        <line num="88" count="1" type="stmt"/>
        <line num="93" count="1" type="stmt"/>
        <line num="95" count="1" type="stmt"/>
        <line num="101" count="1" type="stmt"/>
        <line num="103" count="1" type="stmt"/>
        <line num="108" count="0" type="stmt"/>
        <line num="110" count="0" type="stmt"/>
        <line num="117" count="0" type="cond" truecount="0" falsecount="2"/>
        <line num="119" count="0" type="stmt"/>
        <line num="122" count="0" type="stmt"/>
        <line num="131" count="0" type="stmt"/>
        <line num="133" count="0" type="stmt"/>
        <line num="138" count="0" type="stmt"/>
      </file>
    </package>
    <package name="app.features.posts.post-detail">
      <metrics statements="2" coveredstatements="2" conditionals="10" coveredconditionals="10" methods="1" coveredmethods="1"/>
      <file name="post-detail.html" path="D:\projet_openclass_room\projet_4\Prenez en charge le développement d'une application full-stack complète\Front\mdd-front\src\app\features\posts\post-detail\post-detail.html">
        <metrics statements="1" coveredstatements="1" conditionals="0" coveredconditionals="0" methods="0" coveredmethods="0"/>
        <line num="1" count="1" type="stmt"/>
      </file>
      <file name="post-detail.ts" path="D:\projet_openclass_room\projet_4\Prenez en charge le développement d'une application full-stack complète\Front\mdd-front\src\app\features\posts\post-detail\post-detail.ts">
        <metrics statements="1" coveredstatements="1" conditionals="10" coveredconditionals="10" methods="1" coveredmethods="1"/>
        <line num="9" count="3" type="cond" truecount="10" falsecount="0"/>
      </file>
    </package>
    <package name="app.features.profile.pages.profile">
      <metrics statements="56" coveredstatements="38" conditionals="12" coveredconditionals="10" methods="14" coveredmethods="5"/>
      <file name="profile.html" path="D:\projet_openclass_room\projet_4\Prenez en charge le développement d'une application full-stack complète\Front\mdd-front\src\app\features\profile\pages\profile\profile.html">
        <metrics statements="36" coveredstatements="27" conditionals="0" coveredconditionals="0" methods="2" coveredmethods="0"/>
        <line num="1" count="1" type="stmt"/>
        <line num="3" count="1" type="stmt"/>
        <line num="6" count="1" type="stmt"/>
        <line num="7" count="1" type="stmt"/>
        <line num="9" count="1" type="stmt"/>
        <line num="10" count="2" type="stmt"/>
        <line num="11" count="1" type="stmt"/>
        <line num="15" count="1" type="stmt"/>
        <line num="17" count="1" type="stmt"/>
        <line num="23" count="1" type="stmt"/>
        <line num="25" count="1" type="stmt"/>
        <line num="27" count="1" type="stmt"/>
        <line num="33" count="1" type="stmt"/>
        <line num="35" count="1" type="stmt"/>
        <line num="37" count="1" type="stmt"/>
        <line num="44" count="1" type="stmt"/>
        <line num="46" count="1" type="stmt"/>
        <line num="52" count="1" type="stmt"/>
        <line num="54" count="1" type="stmt"/>
        <line num="58" count="1" type="stmt"/>
        <line num="60" count="1" type="stmt"/>
        <line num="61" count="1" type="stmt"/>
        <line num="62" count="1" type="stmt"/>
        <line num="64" count="1" type="stmt"/>
        <line num="66" count="1" type="stmt"/>
        <line num="69" count="2" type="stmt"/>
        <line num="75" count="0" type="stmt"/>
        <line num="77" count="0" type="stmt"/>
        <line num="79" count="0" type="stmt"/>
        <line num="83" count="0" type="stmt"/>
        <line num="85" count="0" type="stmt"/>
        <line num="89" count="0" type="stmt"/>
        <line num="92" count="0" type="stmt"/>
        <line num="95" count="0" type="stmt"/>
        <line num="97" count="0" type="stmt"/>
        <line num="101" count="1" type="stmt"/>
      </file>
      <file name="profile.ts" path="D:\projet_openclass_room\projet_4\Prenez en charge le développement d'une application full-stack complète\Front\mdd-front\src\app\features\profile\pages\profile\profile.ts">
        <metrics statements="20" coveredstatements="11" conditionals="12" coveredconditionals="10" methods="12" coveredmethods="5"/>
        <line num="52" count="3" type="cond" truecount="10" falsecount="0"/>
        <line num="59" count="1" type="stmt"/>
        <line num="62" count="1" type="stmt"/>
        <line num="64" count="1" type="stmt"/>
        <line num="66" count="1" type="stmt"/>
        <line num="69" count="1" type="stmt"/>
        <line num="90" count="2" type="stmt"/>
        <line num="95" count="2" type="stmt"/>
        <line num="101" count="2" type="stmt"/>
        <line num="103" count="2" type="stmt"/>
        <line num="106" count="2" type="stmt"/>
        <line num="116" count="0" type="stmt"/>
        <line num="123" count="0" type="cond" truecount="0" falsecount="2"/>
        <line num="125" count="0" type="stmt"/>
        <line num="128" count="0" type="stmt"/>
        <line num="134" count="0" type="stmt"/>
        <line num="139" count="0" type="stmt"/>
        <line num="146" count="0" type="stmt"/>
        <line num="152" count="0" type="stmt"/>
        <line num="154" count="0" type="stmt"/>
      </file>
    </package>
    <package name="app.features.profile.profile">
      <metrics statements="2" coveredstatements="2" conditionals="10" coveredconditionals="10" methods="1" coveredmethods="1"/>
      <file name="profile.html" path="D:\projet_openclass_room\projet_4\Prenez en charge le développement d'une application full-stack complète\Front\mdd-front\src\app\features\profile\profile\profile.html">
        <metrics statements="1" coveredstatements="1" conditionals="0" coveredconditionals="0" methods="0" coveredmethods="0"/>
        <line num="1" count="1" type="stmt"/>
      </file>
      <file name="profile.ts" path="D:\projet_openclass_room\projet_4\Prenez en charge le développement d'une application full-stack complète\Front\mdd-front\src\app\features\profile\profile\profile.ts">
        <metrics statements="1" coveredstatements="1" conditionals="10" coveredconditionals="10" methods="1" coveredmethods="1"/>
        <line num="9" count="3" type="cond" truecount="10" falsecount="0"/>
      </file>
    </package>
    <package name="app.features.topics.pages.topics">
      <metrics statements="28" coveredstatements="26" conditionals="16" coveredconditionals="14" methods="10" coveredmethods="8"/>
      <file name="topics.html" path="D:\projet_openclass_room\projet_4\Prenez en charge le développement d'une application full-stack complète\Front\mdd-front\src\app\features\topics\pages\topics\topics.html">
        <metrics statements="15" coveredstatements="14" conditionals="4" coveredconditionals="2" methods="1" coveredmethods="0"/>
        <line num="1" count="3" type="stmt"/>
        <line num="3" count="3" type="stmt"/>
        <line num="7" count="3" type="stmt"/>
        <line num="9" count="6" type="stmt"/>
        <line num="13" count="6" type="stmt"/>
        <line num="14" count="3" type="stmt"/>
        <line num="16" count="3" type="stmt"/>
        <line num="19" count="6" type="stmt"/>
        <line num="20" count="3" type="stmt"/>
        <line num="24" count="3" type="stmt"/>
        <line num="27" count="6" type="cond" truecount="1" falsecount="1"/>
        <line num="31" count="0" type="stmt"/>
        <line num="34" count="6" type="cond" truecount="1" falsecount="1"/>
        <line num="40" count="3" type="stmt"/>
        <line num="44" count="3" type="stmt"/>
      </file>
      <file name="topics.ts" path="D:\projet_openclass_room\projet_4\Prenez en charge le développement d'une application full-stack complète\Front\mdd-front\src\app\features\topics\pages\topics\topics.ts">
        <metrics statements="13" coveredstatements="12" conditionals="12" coveredconditionals="12" methods="9" coveredmethods="8"/>
        <line num="30" count="9" type="cond" truecount="10" falsecount="0"/>
        <line num="32" count="3" type="stmt"/>
        <line num="35" count="3" type="stmt"/>
        <line num="40" count="3" type="stmt"/>
        <line num="45" count="3" type="stmt"/>
        <line num="50" count="3" type="stmt"/>
        <line num="52" count="3" type="stmt"/>
        <line num="57" count="0" type="stmt"/>
        <line num="64" count="2" type="cond" truecount="2" falsecount="0"/>
        <line num="66" count="1" type="stmt"/>
        <line num="69" count="1" type="stmt"/>
        <line num="74" count="1" type="stmt"/>
        <line num="77" count="1" type="stmt"/>
      </file>
    </package>
    <package name="app.features.topics.topics-list">
      <metrics statements="2" coveredstatements="2" conditionals="10" coveredconditionals="10" methods="1" coveredmethods="1"/>
      <file name="topics-list.html" path="D:\projet_openclass_room\projet_4\Prenez en charge le développement d'une application full-stack complète\Front\mdd-front\src\app\features\topics\topics-list\topics-list.html">
        <metrics statements="1" coveredstatements="1" conditionals="0" coveredconditionals="0" methods="0" coveredmethods="0"/>
        <line num="1" count="1" type="stmt"/>
      </file>
      <file name="topics-list.ts" path="D:\projet_openclass_room\projet_4\Prenez en charge le développement d'une application full-stack complète\Front\mdd-front\src\app\features\topics\topics-list\topics-list.ts">
        <metrics statements="1" coveredstatements="1" conditionals="10" coveredconditionals="10" methods="1" coveredmethods="1"/>
        <line num="9" count="3" type="cond" truecount="10" falsecount="0"/>
      </file>
    </package>
    <package name="app.layout.navbar">
      <metrics statements="21" coveredstatements="21" conditionals="10" coveredconditionals="10" methods="4" coveredmethods="3"/>
      <file name="navbar.html" path="D:\projet_openclass_room\projet_4\Prenez en charge le développement d'une application full-stack complète\Front\mdd-front\src\app\layout\navbar\navbar.html">
        <metrics statements="16" coveredstatements="16" conditionals="0" coveredconditionals="0" methods="1" coveredmethods="0"/>
        <line num="1" count="8" type="stmt"/>
        <line num="5" count="8" type="stmt"/>
        <line num="11" count="8" type="stmt"/>
        <line num="13" count="8" type="stmt"/>
        <line num="19" count="8" type="stmt"/>
        <line num="20" count="8" type="stmt"/>
        <line num="22" count="8" type="stmt"/>
        <line num="26" count="8" type="stmt"/>
        <line num="27" count="8" type="stmt"/>
        <line num="29" count="8" type="stmt"/>
        <line num="31" count="8" type="stmt"/>
        <line num="33" count="8" type="stmt"/>
        <line num="34" count="8" type="stmt"/>
        <line num="36" count="8" type="stmt"/>
        <line num="41" count="8" type="stmt"/>
        <line num="42" count="8" type="stmt"/>
      </file>
      <file name="navbar.ts" path="D:\projet_openclass_room\projet_4\Prenez en charge le développement d'une application full-stack complète\Front\mdd-front\src\app\layout\navbar\navbar.ts">
        <metrics statements="5" coveredstatements="5" conditionals="10" coveredconditionals="10" methods="3" coveredmethods="3"/>
        <line num="34" count="24" type="cond" truecount="10" falsecount="0"/>
        <line num="37" count="8" type="stmt"/>
        <line num="38" count="8" type="stmt"/>
        <line num="43" count="1" type="stmt"/>
        <line num="45" count="1" type="stmt"/>
      </file>
    </package>
    <package name="app.layouts.footer">
      <metrics statements="2" coveredstatements="2" conditionals="10" coveredconditionals="10" methods="1" coveredmethods="1"/>
      <file name="footer.html" path="D:\projet_openclass_room\projet_4\Prenez en charge le développement d'une application full-stack complète\Front\mdd-front\src\app\layouts\footer\footer.html">
        <metrics statements="1" coveredstatements="1" conditionals="0" coveredconditionals="0" methods="0" coveredmethods="0"/>
        <line num="1" count="1" type="stmt"/>
      </file>
      <file name="footer.ts" path="D:\projet_openclass_room\projet_4\Prenez en charge le développement d'une application full-stack complète\Front\mdd-front\src\app\layouts\footer\footer.ts">
        <metrics statements="1" coveredstatements="1" conditionals="10" coveredconditionals="10" methods="1" coveredmethods="1"/>
        <line num="9" count="3" type="cond" truecount="10" falsecount="0"/>
      </file>
    </package>
    <package name="app.layouts.navbar">
      <metrics statements="2" coveredstatements="2" conditionals="10" coveredconditionals="10" methods="1" coveredmethods="1"/>
      <file name="navbar.html" path="D:\projet_openclass_room\projet_4\Prenez en charge le développement d'une application full-stack complète\Front\mdd-front\src\app\layouts\navbar\navbar.html">
        <metrics statements="1" coveredstatements="1" conditionals="0" coveredconditionals="0" methods="0" coveredmethods="0"/>
        <line num="1" count="1" type="stmt"/>
      </file>
      <file name="navbar.ts" path="D:\projet_openclass_room\projet_4\Prenez en charge le développement d'une application full-stack complète\Front\mdd-front\src\app\layouts\navbar\navbar.ts">
        <metrics statements="1" coveredstatements="1" conditionals="10" coveredconditionals="10" methods="1" coveredmethods="1"/>
        <line num="9" count="3" type="cond" truecount="10" falsecount="0"/>
      </file>
    </package>
    <package name="environments">
      <metrics statements="1" coveredstatements="1" conditionals="0" coveredconditionals="0" methods="0" coveredmethods="0"/>
      <file name="environment.ts" path="D:\projet_openclass_room\projet_4\Prenez en charge le développement d'une application full-stack complète\Front\mdd-front\src\environments\environment.ts">
        <metrics statements="1" coveredstatements="1" conditionals="0" coveredconditionals="0" methods="0" coveredmethods="0"/>
        <line num="1" count="7" type="stmt"/>
      </file>
    </package>
  </project>
</coverage>
