{"D:\\projet_openclass_room\\projet_4\\Prenez en charge le développement d'une application full-stack complète\\Front\\mdd-front\\src\\app\\app.html": {"path":"D:\\projet_openclass_room\\projet_4\\Prenez en charge le développement d'une application full-stack complète\\Front\\mdd-front\\src\\app\\app.html","statementMap":{"0":{"start":{"line":1,"column":0},"end":{"line":1,"column":null}}},"fnMap":{},"branchMap":{},"s":{"0":2},"f":{},"b":{},"meta":{"lastBranch":0,"lastFunction":0,"lastStatement":1,"seen":{"s:1:0:1:Infinity":0}}}
,"D:\\projet_openclass_room\\projet_4\\Prenez en charge le développement d'une application full-stack complète\\Front\\mdd-front\\src\\app\\app.ts": {"path":"D:\\projet_openclass_room\\projet_4\\Prenez en charge le développement d'une application full-stack complète\\Front\\mdd-front\\src\\app\\app.ts","statementMap":{"0":{"start":{"line":16,"column":6},"end":{"line":10,"column":25}},"1":{"start":{"line":16,"column":13},"end":{"line":10,"column":25}},"2":{"start":{"line":16,"column":13},"end":{"line":16,"column":null}},"3":{"start":{"line":16,"column":16},"end":{"line":1,"column":null}},"4":{"start":{"line":16,"column":13},"end":{"line":10,"column":null}}},"fnMap":{"0":{"name":"(anonymous_0)","decl":{"start":{"line":16,"column":16},"end":{"line":16,"column":null}},"loc":{"start":{"line":16,"column":16},"end":{"line":10,"column":24}},"line":16}},"branchMap":{"0":{"loc":{"start":{"line":16,"column":13},"end":{"line":16,"column":16}},"type":"binary-expr","locations":[{"start":{"line":16,"column":13},"end":{"line":16,"column":16}},{"start":{"line":16,"column":13},"end":{"line":16,"column":16}}],"line":16},"1":{"loc":{"start":{"line":16,"column":16},"end":{"line":1,"column":null}},"type":"if","locations":[{"start":{"line":16,"column":16},"end":{"line":1,"column":null}},{"start":{},"end":{}}],"line":16},"2":{"loc":{"start":{"line":16,"column":13},"end":{"line":10,"column":null}},"type":"binary-expr","locations":[{"start":{"line":16,"column":13},"end":{"line":16,"column":16}},{"start":{"line":16,"column":13},"end":{"line":16,"column":16}},{"start":{"line":16,"column":13},"end":{"line":10,"column":null}}],"line":16},"3":{"loc":{"start":{"line":16,"column":13},"end":{"line":16,"column":null}},"type":"binary-expr","locations":[{"start":{"line":16,"column":13},"end":{"line":16,"column":16}},{"start":{"line":16,"column":13},"end":{"line":16,"column":16}},{"start":{"line":16,"column":13},"end":{"line":16,"column":null}}],"line":16}},"s":{"0":1,"1":1,"2":1,"3":4,"4":1},"f":{"0":1},"b":{"0":[2,2],"1":[2,2],"2":[1,1,1],"3":[1,1,1]},"meta":{"lastBranch":4,"lastFunction":1,"lastStatement":5,"seen":{"s:16:6:10:25":0,"s:16:13:10:25":1,"s:16:13:16:Infinity":2,"b:16:13:16:16:16:13:16:16":0,"f:16:16:16:Infinity":0,"b:16:16:1:Infinity:undefined:undefined:undefined:undefined":1,"s:16:16:1:Infinity":3,"s:16:13:10:Infinity":4,"b:16:13:16:16:16:13:16:16:16:13:10:Infinity":2,"b:16:13:16:16:16:13:16:16:16:13:16:Infinity":3}}}
,"D:\\projet_openclass_room\\projet_4\\Prenez en charge le développement d'une application full-stack complète\\Front\\mdd-front\\src\\app\\core\\guards\\auth-guard.ts": {"path":"D:\\projet_openclass_room\\projet_4\\Prenez en charge le développement d'une application full-stack complète\\Front\\mdd-front\\src\\app\\core\\guards\\auth-guard.ts","statementMap":{"0":{"start":{"line":11,"column":40},"end":{"line":27,"column":null}},"1":{"start":{"line":13,"column":8},"end":{"line":13,"column":null}},"2":{"start":{"line":15,"column":8},"end":{"line":15,"column":null}},"3":{"start":{"line":17,"column":21},"end":{"line":17,"column":null}},"4":{"start":{"line":19,"column":2},"end":{"line":22,"column":null}},"5":{"start":{"line":21,"column":4},"end":{"line":21,"column":null}},"6":{"start":{"line":24,"column":2},"end":{"line":24,"column":null}},"7":{"start":{"line":26,"column":2},"end":{"line":26,"column":null}}},"fnMap":{"0":{"name":"(anonymous_0)","decl":{"start":{"line":11,"column":40},"end":{"line":11,"column":45}},"loc":{"start":{"line":11,"column":45},"end":{"line":27,"column":null}},"line":11}},"branchMap":{"0":{"loc":{"start":{"line":19,"column":2},"end":{"line":22,"column":null}},"type":"if","locations":[{"start":{"line":19,"column":2},"end":{"line":22,"column":null}},{"start":{},"end":{}}],"line":19}},"s":{"0":1,"1":2,"2":2,"3":2,"4":2,"5":1,"6":1,"7":1},"f":{"0":2},"b":{"0":[1,1]},"meta":{"lastBranch":1,"lastFunction":1,"lastStatement":8,"seen":{"s:11:40:27:Infinity":0,"f:11:40:11:45":0,"s:13:8:13:Infinity":1,"s:15:8:15:Infinity":2,"s:17:21:17:Infinity":3,"b:19:2:22:Infinity:undefined:undefined:undefined:undefined":0,"s:19:2:22:Infinity":4,"s:21:4:21:Infinity":5,"s:24:2:24:Infinity":6,"s:26:2:26:Infinity":7}}}
,"D:\\projet_openclass_room\\projet_4\\Prenez en charge le développement d'une application full-stack complète\\Front\\mdd-front\\src\\app\\core\\interceptors\\jwt-interceptor.ts": {"path":"D:\\projet_openclass_room\\projet_4\\Prenez en charge le développement d'une application full-stack complète\\Front\\mdd-front\\src\\app\\core\\interceptors\\jwt-interceptor.ts","statementMap":{"0":{"start":{"line":5,"column":49},"end":{"line":24,"column":null}},"1":{"start":{"line":10,"column":16},"end":{"line":10,"column":null}},"2":{"start":{"line":12,"column":2},"end":{"line":21,"column":null}},"3":{"start":{"line":14,"column":4},"end":{"line":20,"column":null}},"4":{"start":{"line":23,"column":2},"end":{"line":23,"column":null}}},"fnMap":{"0":{"name":"(anonymous_0)","decl":{"start":{"line":5,"column":49},"end":{"line":5,"column":null}},"loc":{"start":{"line":8,"column":4},"end":{"line":24,"column":null}},"line":8}},"branchMap":{"0":{"loc":{"start":{"line":12,"column":2},"end":{"line":21,"column":null}},"type":"if","locations":[{"start":{"line":12,"column":2},"end":{"line":21,"column":null}},{"start":{},"end":{}}],"line":12}},"s":{"0":1,"1":2,"2":2,"3":1,"4":2},"f":{"0":2},"b":{"0":[1,1]},"meta":{"lastBranch":1,"lastFunction":1,"lastStatement":5,"seen":{"s:5:49:24:Infinity":0,"f:5:49:5:Infinity":0,"s:10:16:10:Infinity":1,"b:12:2:21:Infinity:undefined:undefined:undefined:undefined":0,"s:12:2:21:Infinity":2,"s:14:4:20:Infinity":3,"s:23:2:23:Infinity":4}}}
,"D:\\projet_openclass_room\\projet_4\\Prenez en charge le développement d'une application full-stack complète\\Front\\mdd-front\\src\\app\\core\\services\\auth.service.ts": {"path":"D:\\projet_openclass_room\\projet_4\\Prenez en charge le développement d'une application full-stack complète\\Front\\mdd-front\\src\\app\\core\\services\\auth.service.ts","statementMap":{"0":{"start":{"line":18,"column":6},"end":{"line":16,"column":null}},"1":{"start":{"line":20,"column":19},"end":{"line":20,"column":null}},"2":{"start":{"line":22,"column":38},"end":{"line":22,"column":null}},"3":{"start":{"line":18,"column":13},"end":{"line":16,"column":null}},"4":{"start":{"line":25,"column":22},"end":{"line":25,"column":38}},"5":{"start":{"line":26,"column":4},"end":{"line":26,"column":null}},"6":{"start":{"line":33,"column":4},"end":{"line":35,"column":null}},"7":{"start":{"line":43,"column":4},"end":{"line":52,"column":null}},"8":{"start":{"line":49,"column":8},"end":{"line":49,"column":null}},"9":{"start":{"line":50,"column":8},"end":{"line":50,"column":null}},"10":{"start":{"line":51,"column":8},"end":{"line":51,"column":null}},"11":{"start":{"line":57,"column":4},"end":{"line":57,"column":null}},"12":{"start":{"line":58,"column":4},"end":{"line":58,"column":null}},"13":{"start":{"line":59,"column":4},"end":{"line":59,"column":null}},"14":{"start":{"line":63,"column":4},"end":{"line":65,"column":null}},"15":{"start":{"line":64,"column":6},"end":{"line":64,"column":null}},"16":{"start":{"line":67,"column":18},"end":{"line":67,"column":null}},"17":{"start":{"line":69,"column":4},"end":{"line":71,"column":null}},"18":{"start":{"line":70,"column":6},"end":{"line":70,"column":null}},"19":{"start":{"line":73,"column":4},"end":{"line":76,"column":null}},"20":{"start":{"line":74,"column":6},"end":{"line":74,"column":null}},"21":{"start":{"line":75,"column":6},"end":{"line":75,"column":null}},"22":{"start":{"line":78,"column":4},"end":{"line":78,"column":null}},"23":{"start":{"line":82,"column":4},"end":{"line":84,"column":null}},"24":{"start":{"line":83,"column":6},"end":{"line":83,"column":null}},"25":{"start":{"line":86,"column":4},"end":{"line":89,"column":null}},"26":{"start":{"line":87,"column":6},"end":{"line":87,"column":null}},"27":{"start":{"line":88,"column":6},"end":{"line":88,"column":null}},"28":{"start":{"line":91,"column":4},"end":{"line":91,"column":null}},"29":{"start":{"line":95,"column":4},"end":{"line":97,"column":null}},"30":{"start":{"line":96,"column":6},"end":{"line":96,"column":null}},"31":{"start":{"line":99,"column":4},"end":{"line":101,"column":null}},"32":{"start":{"line":100,"column":6},"end":{"line":100,"column":null}},"33":{"start":{"line":103,"column":4},"end":{"line":103,"column":null}},"34":{"start":{"line":104,"column":4},"end":{"line":104,"column":null}},"35":{"start":{"line":108,"column":4},"end":{"line":110,"column":null}},"36":{"start":{"line":109,"column":6},"end":{"line":109,"column":null}},"37":{"start":{"line":112,"column":4},"end":{"line":112,"column":null}},"38":{"start":{"line":114,"column":19},"end":{"line":119,"column":null}},"39":{"start":{"line":122,"column":4},"end":{"line":124,"column":null}},"40":{"start":{"line":123,"column":6},"end":{"line":123,"column":null}},"41":{"start":{"line":123,"column":43},"end":{"line":123,"column":68}},"42":{"start":{"line":126,"column":4},"end":{"line":134,"column":null}},"43":{"start":{"line":127,"column":6},"end":{"line":133,"column":null}},"44":{"start":{"line":128,"column":8},"end":{"line":132,"column":null}},"45":{"start":{"line":129,"column":10},"end":{"line":129,"column":null}},"46":{"start":{"line":131,"column":10},"end":{"line":131,"column":null}},"47":{"start":{"line":138,"column":4},"end":{"line":140,"column":null}},"48":{"start":{"line":139,"column":6},"end":{"line":139,"column":null}},"49":{"start":{"line":142,"column":25},"end":{"line":142,"column":null}},"50":{"start":{"line":144,"column":4},"end":{"line":146,"column":null}},"51":{"start":{"line":145,"column":6},"end":{"line":145,"column":null}},"52":{"start":{"line":148,"column":4},"end":{"line":148,"column":null}},"53":{"start":{"line":152,"column":18},"end":{"line":152,"column":null}},"54":{"start":{"line":153,"column":4},"end":{"line":153,"column":null}},"55":{"start":{"line":157,"column":4},"end":{"line":157,"column":null}},"56":{"start":{"line":159,"column":25},"end":{"line":159,"column":null}},"57":{"start":{"line":160,"column":4},"end":{"line":162,"column":null}},"58":{"start":{"line":161,"column":6},"end":{"line":161,"column":null}},"59":{"start":{"line":164,"column":22},"end":{"line":164,"column":null}},"60":{"start":{"line":165,"column":4},"end":{"line":168,"column":null}},"61":{"start":{"line":166,"column":6},"end":{"line":166,"column":null}},"62":{"start":{"line":167,"column":6},"end":{"line":167,"column":null}},"63":{"start":{"line":170,"column":4},"end":{"line":173,"column":null}},"64":{"start":{"line":171,"column":6},"end":{"line":171,"column":null}},"65":{"start":{"line":172,"column":6},"end":{"line":172,"column":null}},"66":{"start":{"line":177,"column":4},"end":{"line":180,"column":null}},"67":{"start":{"line":178,"column":6},"end":{"line":178,"column":null}},"68":{"start":{"line":179,"column":6},"end":{"line":179,"column":null}},"69":{"start":{"line":18,"column":13},"end":{"line":18,"column":null}},"70":{"start":{"line":18,"column":13},"end":{"line":17,"column":null}}},"fnMap":{"0":{"name":"(anonymous_0)","decl":{"start":{"line":25,"column":2},"end":{"line":25,"column":22}},"loc":{"start":{"line":25,"column":38},"end":{"line":27,"column":null}},"line":25},"1":{"name":"(anonymous_1)","decl":{"start":{"line":29,"column":2},"end":{"line":29,"column":null}},"loc":{"start":{"line":30,"column":28},"end":{"line":37,"column":null}},"line":30},"2":{"name":"(anonymous_2)","decl":{"start":{"line":39,"column":2},"end":{"line":39,"column":null}},"loc":{"start":{"line":40,"column":25},"end":{"line":54,"column":null}},"line":40},"3":{"name":"(anonymous_3)","decl":{"start":{"line":48,"column":10},"end":{"line":48,"column":21}},"loc":{"start":{"line":48,"column":21},"end":{"line":52,"column":7}},"line":48},"4":{"name":"(anonymous_4)","decl":{"start":{"line":56,"column":2},"end":{"line":56,"column":8}},"loc":{"start":{"line":56,"column":8},"end":{"line":60,"column":null}},"line":56},"5":{"name":"(anonymous_5)","decl":{"start":{"line":62,"column":2},"end":{"line":62,"column":12}},"loc":{"start":{"line":62,"column":12},"end":{"line":79,"column":null}},"line":62},"6":{"name":"(anonymous_6)","decl":{"start":{"line":81,"column":2},"end":{"line":81,"column":10}},"loc":{"start":{"line":81,"column":10},"end":{"line":92,"column":null}},"line":81},"7":{"name":"(anonymous_7)","decl":{"start":{"line":94,"column":2},"end":{"line":94,"column":20}},"loc":{"start":{"line":94,"column":20},"end":{"line":105,"column":null}},"line":94},"8":{"name":"(anonymous_8)","decl":{"start":{"line":107,"column":10},"end":{"line":107,"column":27}},"loc":{"start":{"line":107,"column":27},"end":{"line":135,"column":null}},"line":107},"9":{"name":"(anonymous_9)","decl":{"start":{"line":122,"column":19},"end":{"line":122,"column":27}},"loc":{"start":{"line":122,"column":27},"end":{"line":124,"column":5}},"line":122},"10":{"name":"(anonymous_10)","decl":{"start":{"line":123,"column":37},"end":{"line":123,"column":43}},"loc":{"start":{"line":123,"column":43},"end":{"line":123,"column":68}},"line":123},"11":{"name":"(anonymous_11)","decl":{"start":{"line":126,"column":39},"end":{"line":126,"column":47}},"loc":{"start":{"line":126,"column":47},"end":{"line":134,"column":5}},"line":126},"12":{"name":"(anonymous_12)","decl":{"start":{"line":137,"column":10},"end":{"line":137,"column":26}},"loc":{"start":{"line":137,"column":26},"end":{"line":149,"column":null}},"line":137},"13":{"name":"(anonymous_13)","decl":{"start":{"line":151,"column":10},"end":{"line":151,"column":25}},"loc":{"start":{"line":151,"column":25},"end":{"line":154,"column":null}},"line":151},"14":{"name":"(anonymous_14)","decl":{"start":{"line":156,"column":10},"end":{"line":156,"column":30}},"loc":{"start":{"line":156,"column":30},"end":{"line":174,"column":null}},"line":156},"15":{"name":"(anonymous_15)","decl":{"start":{"line":170,"column":45},"end":{"line":170,"column":50}},"loc":{"start":{"line":170,"column":50},"end":{"line":173,"column":7}},"line":170},"16":{"name":"(anonymous_16)","decl":{"start":{"line":176,"column":10},"end":{"line":176,"column":30}},"loc":{"start":{"line":176,"column":30},"end":{"line":181,"column":null}},"line":176}},"branchMap":{"0":{"loc":{"start":{"line":63,"column":4},"end":{"line":65,"column":null}},"type":"if","locations":[{"start":{"line":63,"column":4},"end":{"line":65,"column":null}},{"start":{},"end":{}}],"line":63},"1":{"loc":{"start":{"line":69,"column":4},"end":{"line":71,"column":null}},"type":"if","locations":[{"start":{"line":69,"column":4},"end":{"line":71,"column":null}},{"start":{},"end":{}}],"line":69},"2":{"loc":{"start":{"line":73,"column":4},"end":{"line":76,"column":null}},"type":"if","locations":[{"start":{"line":73,"column":4},"end":{"line":76,"column":null}},{"start":{},"end":{}}],"line":73},"3":{"loc":{"start":{"line":82,"column":4},"end":{"line":84,"column":null}},"type":"if","locations":[{"start":{"line":82,"column":4},"end":{"line":84,"column":null}},{"start":{},"end":{}}],"line":82},"4":{"loc":{"start":{"line":86,"column":4},"end":{"line":89,"column":null}},"type":"if","locations":[{"start":{"line":86,"column":4},"end":{"line":89,"column":null}},{"start":{},"end":{}}],"line":86},"5":{"loc":{"start":{"line":95,"column":4},"end":{"line":97,"column":null}},"type":"if","locations":[{"start":{"line":95,"column":4},"end":{"line":97,"column":null}},{"start":{},"end":{}}],"line":95},"6":{"loc":{"start":{"line":99,"column":4},"end":{"line":101,"column":null}},"type":"if","locations":[{"start":{"line":99,"column":4},"end":{"line":101,"column":null}},{"start":{},"end":{}}],"line":99},"7":{"loc":{"start":{"line":108,"column":4},"end":{"line":110,"column":null}},"type":"if","locations":[{"start":{"line":108,"column":4},"end":{"line":110,"column":null}},{"start":{},"end":{}}],"line":108},"8":{"loc":{"start":{"line":127,"column":6},"end":{"line":133,"column":null}},"type":"if","locations":[{"start":{"line":127,"column":6},"end":{"line":133,"column":null}},{"start":{},"end":{}}],"line":127},"9":{"loc":{"start":{"line":127,"column":10},"end":{"line":127,"column":65}},"type":"binary-expr","locations":[{"start":{"line":127,"column":10},"end":{"line":127,"column":35}},{"start":{"line":127,"column":35},"end":{"line":127,"column":65}}],"line":127},"10":{"loc":{"start":{"line":128,"column":8},"end":{"line":132,"column":null}},"type":"if","locations":[{"start":{"line":128,"column":8},"end":{"line":132,"column":null}},{"start":{"line":130,"column":15},"end":{"line":132,"column":null}}],"line":128},"11":{"loc":{"start":{"line":138,"column":4},"end":{"line":140,"column":null}},"type":"if","locations":[{"start":{"line":138,"column":4},"end":{"line":140,"column":null}},{"start":{},"end":{}}],"line":138},"12":{"loc":{"start":{"line":144,"column":4},"end":{"line":146,"column":null}},"type":"if","locations":[{"start":{"line":144,"column":4},"end":{"line":146,"column":null}},{"start":{},"end":{}}],"line":144},"13":{"loc":{"start":{"line":153,"column":11},"end":{"line":153,"column":null}},"type":"cond-expr","locations":[{"start":{"line":153,"column":19},"end":{"line":153,"column":35}},{"start":{"line":153,"column":35},"end":{"line":153,"column":null}}],"line":153},"14":{"loc":{"start":{"line":160,"column":4},"end":{"line":162,"column":null}},"type":"if","locations":[{"start":{"line":160,"column":4},"end":{"line":162,"column":null}},{"start":{},"end":{}}],"line":160},"15":{"loc":{"start":{"line":165,"column":4},"end":{"line":168,"column":null}},"type":"if","locations":[{"start":{"line":165,"column":4},"end":{"line":168,"column":null}},{"start":{},"end":{}}],"line":165},"16":{"loc":{"start":{"line":177,"column":4},"end":{"line":180,"column":null}},"type":"if","locations":[{"start":{"line":177,"column":4},"end":{"line":180,"column":null}},{"start":{},"end":{}}],"line":177},"17":{"loc":{"start":{"line":18,"column":13},"end":{"line":18,"column":24}},"type":"binary-expr","locations":[{"start":{"line":18,"column":13},"end":{"line":18,"column":24}},{"start":{"line":18,"column":13},"end":{"line":18,"column":24}}],"line":18},"18":{"loc":{"start":{"line":18,"column":13},"end":{"line":17,"column":null}},"type":"binary-expr","locations":[{"start":{"line":18,"column":13},"end":{"line":18,"column":24}},{"start":{"line":18,"column":13},"end":{"line":18,"column":24}},{"start":{"line":18,"column":13},"end":{"line":17,"column":null}}],"line":18}},"s":{"0":7,"1":12,"2":12,"3":7,"4":12,"5":12,"6":1,"7":1,"8":1,"9":1,"10":1,"11":2,"12":2,"13":2,"14":2,"15":0,"16":2,"17":2,"18":1,"19":1,"20":0,"21":0,"22":1,"23":3,"24":0,"25":3,"26":1,"27":1,"28":2,"29":13,"30":0,"31":13,"32":12,"33":1,"34":1,"35":12,"36":0,"37":12,"38":12,"39":12,"40":60,"41":0,"42":12,"43":0,"44":0,"45":0,"46":0,"47":4,"48":0,"49":4,"50":4,"51":1,"52":3,"53":6,"54":6,"55":2,"56":2,"57":2,"58":0,"59":2,"60":2,"61":0,"62":0,"63":2,"64":0,"65":0,"66":4,"67":1,"68":1,"69":12,"70":7},"f":{"0":12,"1":1,"2":1,"3":1,"4":2,"5":2,"6":3,"7":13,"8":12,"9":60,"10":0,"11":0,"12":4,"13":6,"14":2,"15":0,"16":4},"b":{"0":[0,2],"1":[1,1],"2":[0,1],"3":[0,3],"4":[1,2],"5":[0,13],"6":[12,1],"7":[0,12],"8":[0,0],"9":[0,0],"10":[0,0],"11":[0,4],"12":[1,3],"13":[5,1],"14":[0,2],"15":[0,2],"16":[1,3],"17":[12,12],"18":[7,7,7]},"meta":{"lastBranch":19,"lastFunction":17,"lastStatement":71,"seen":{"s:18:6:16:Infinity":0,"s:20:19:20:Infinity":1,"s:22:38:22:Infinity":2,"s:18:13:16:Infinity":3,"f:25:2:25:22":0,"s:25:22:25:38":4,"s:26:4:26:Infinity":5,"f:29:2:29:Infinity":1,"s:33:4:35:Infinity":6,"f:39:2:39:Infinity":2,"s:43:4:52:Infinity":7,"f:48:10:48:21":3,"s:49:8:49:Infinity":8,"s:50:8:50:Infinity":9,"s:51:8:51:Infinity":10,"f:56:2:56:8":4,"s:57:4:57:Infinity":11,"s:58:4:58:Infinity":12,"s:59:4:59:Infinity":13,"f:62:2:62:12":5,"b:63:4:65:Infinity:undefined:undefined:undefined:undefined":0,"s:63:4:65:Infinity":14,"s:64:6:64:Infinity":15,"s:67:18:67:Infinity":16,"b:69:4:71:Infinity:undefined:undefined:undefined:undefined":1,"s:69:4:71:Infinity":17,"s:70:6:70:Infinity":18,"b:73:4:76:Infinity:undefined:undefined:undefined:undefined":2,"s:73:4:76:Infinity":19,"s:74:6:74:Infinity":20,"s:75:6:75:Infinity":21,"s:78:4:78:Infinity":22,"f:81:2:81:10":6,"b:82:4:84:Infinity:undefined:undefined:undefined:undefined":3,"s:82:4:84:Infinity":23,"s:83:6:83:Infinity":24,"b:86:4:89:Infinity:undefined:undefined:undefined:undefined":4,"s:86:4:89:Infinity":25,"s:87:6:87:Infinity":26,"s:88:6:88:Infinity":27,"s:91:4:91:Infinity":28,"f:94:2:94:20":7,"b:95:4:97:Infinity:undefined:undefined:undefined:undefined":5,"s:95:4:97:Infinity":29,"s:96:6:96:Infinity":30,"b:99:4:101:Infinity:undefined:undefined:undefined:undefined":6,"s:99:4:101:Infinity":31,"s:100:6:100:Infinity":32,"s:103:4:103:Infinity":33,"s:104:4:104:Infinity":34,"f:107:10:107:27":8,"b:108:4:110:Infinity:undefined:undefined:undefined:undefined":7,"s:108:4:110:Infinity":35,"s:109:6:109:Infinity":36,"s:112:4:112:Infinity":37,"s:114:19:119:Infinity":38,"s:122:4:124:Infinity":39,"f:122:19:122:27":9,"s:123:6:123:Infinity":40,"f:123:37:123:43":10,"s:123:43:123:68":41,"s:126:4:134:Infinity":42,"f:126:39:126:47":11,"b:127:6:133:Infinity:undefined:undefined:undefined:undefined":8,"s:127:6:133:Infinity":43,"b:127:10:127:35:127:35:127:65":9,"b:128:8:132:Infinity:130:15:132:Infinity":10,"s:128:8:132:Infinity":44,"s:129:10:129:Infinity":45,"s:131:10:131:Infinity":46,"f:137:10:137:26":12,"b:138:4:140:Infinity:undefined:undefined:undefined:undefined":11,"s:138:4:140:Infinity":47,"s:139:6:139:Infinity":48,"s:142:25:142:Infinity":49,"b:144:4:146:Infinity:undefined:undefined:undefined:undefined":12,"s:144:4:146:Infinity":50,"s:145:6:145:Infinity":51,"s:148:4:148:Infinity":52,"f:151:10:151:25":13,"s:152:18:152:Infinity":53,"s:153:4:153:Infinity":54,"b:153:19:153:35:153:35:153:Infinity":13,"f:156:10:156:30":14,"s:157:4:157:Infinity":55,"s:159:25:159:Infinity":56,"b:160:4:162:Infinity:undefined:undefined:undefined:undefined":14,"s:160:4:162:Infinity":57,"s:161:6:161:Infinity":58,"s:164:22:164:Infinity":59,"b:165:4:168:Infinity:undefined:undefined:undefined:undefined":15,"s:165:4:168:Infinity":60,"s:166:6:166:Infinity":61,"s:167:6:167:Infinity":62,"s:170:4:173:Infinity":63,"f:170:45:170:50":15,"s:171:6:171:Infinity":64,"s:172:6:172:Infinity":65,"f:176:10:176:30":16,"b:177:4:180:Infinity:undefined:undefined:undefined:undefined":16,"s:177:4:180:Infinity":66,"s:178:6:178:Infinity":67,"s:179:6:179:Infinity":68,"s:18:13:18:Infinity":69,"b:18:13:18:24:18:13:18:24":17,"s:18:13:17:Infinity":70,"b:18:13:18:24:18:13:18:24:18:13:17:Infinity":18}}}
,"D:\\projet_openclass_room\\projet_4\\Prenez en charge le développement d'une application full-stack complète\\Front\\mdd-front\\src\\app\\core\\services\\post.service.ts": {"path":"D:\\projet_openclass_room\\projet_4\\Prenez en charge le développement d'une application full-stack complète\\Front\\mdd-front\\src\\app\\core\\services\\post.service.ts","statementMap":{"0":{"start":{"line":16,"column":6},"end":{"line":14,"column":null}},"1":{"start":{"line":18,"column":19},"end":{"line":18,"column":null}},"2":{"start":{"line":16,"column":13},"end":{"line":14,"column":null}},"3":{"start":{"line":20,"column":22},"end":{"line":20,"column":38}},"4":{"start":{"line":24,"column":4},"end":{"line":25,"column":null}},"5":{"start":{"line":30,"column":2},"end":{"line":32,"column":null}},"6":{"start":{"line":37,"column":2},"end":{"line":38,"column":null}},"7":{"start":{"line":46,"column":2},"end":{"line":50,"column":null}},"8":{"start":{"line":16,"column":13},"end":{"line":16,"column":null}},"9":{"start":{"line":16,"column":13},"end":{"line":15,"column":null}}},"fnMap":{"0":{"name":"(anonymous_0)","decl":{"start":{"line":20,"column":2},"end":{"line":20,"column":22}},"loc":{"start":{"line":20,"column":38},"end":{"line":20,"column":null}},"line":20},"1":{"name":"(anonymous_1)","decl":{"start":{"line":22,"column":2},"end":{"line":22,"column":9}},"loc":{"start":{"line":22,"column":9},"end":{"line":27,"column":null}},"line":22},"2":{"name":"(anonymous_2)","decl":{"start":{"line":28,"column":2},"end":{"line":28,"column":13}},"loc":{"start":{"line":28,"column":39},"end":{"line":34,"column":null}},"line":28},"3":{"name":"(anonymous_3)","decl":{"start":{"line":35,"column":0},"end":{"line":35,"column":12}},"loc":{"start":{"line":35,"column":26},"end":{"line":40,"column":null}},"line":35},"4":{"name":"(anonymous_4)","decl":{"start":{"line":41,"column":0},"end":{"line":41,"column":null}},"loc":{"start":{"line":43,"column":17},"end":{"line":52,"column":null}},"line":43}},"branchMap":{"0":{"loc":{"start":{"line":16,"column":13},"end":{"line":16,"column":24}},"type":"binary-expr","locations":[{"start":{"line":16,"column":13},"end":{"line":16,"column":24}},{"start":{"line":16,"column":13},"end":{"line":16,"column":24}}],"line":16},"1":{"loc":{"start":{"line":16,"column":13},"end":{"line":15,"column":null}},"type":"binary-expr","locations":[{"start":{"line":16,"column":13},"end":{"line":16,"column":24}},{"start":{"line":16,"column":13},"end":{"line":16,"column":24}},{"start":{"line":16,"column":13},"end":{"line":15,"column":null}}],"line":16}},"s":{"0":3,"1":4,"2":3,"3":4,"4":1,"5":1,"6":1,"7":1,"8":4,"9":3},"f":{"0":4,"1":1,"2":1,"3":1,"4":1},"b":{"0":[4,4],"1":[3,3,3]},"meta":{"lastBranch":2,"lastFunction":5,"lastStatement":10,"seen":{"s:16:6:14:Infinity":0,"s:18:19:18:Infinity":1,"s:16:13:14:Infinity":2,"f:20:2:20:22":0,"s:20:22:20:38":3,"f:22:2:22:9":1,"s:24:4:25:Infinity":4,"f:28:2:28:13":2,"s:30:2:32:Infinity":5,"f:35:0:35:12":3,"s:37:2:38:Infinity":6,"f:41:0:41:Infinity":4,"s:46:2:50:Infinity":7,"s:16:13:16:Infinity":8,"b:16:13:16:24:16:13:16:24":0,"s:16:13:15:Infinity":9,"b:16:13:16:24:16:13:16:24:16:13:15:Infinity":1}}}
,"D:\\projet_openclass_room\\projet_4\\Prenez en charge le développement d'une application full-stack complète\\Front\\mdd-front\\src\\app\\core\\services\\topic.ts": {"path":"D:\\projet_openclass_room\\projet_4\\Prenez en charge le développement d'une application full-stack complète\\Front\\mdd-front\\src\\app\\core\\services\\topic.ts","statementMap":{"0":{"start":{"line":14,"column":6},"end":{"line":12,"column":null}},"1":{"start":{"line":16,"column":19},"end":{"line":16,"column":null}},"2":{"start":{"line":14,"column":13},"end":{"line":12,"column":null}},"3":{"start":{"line":18,"column":22},"end":{"line":18,"column":38}},"4":{"start":{"line":22,"column":4},"end":{"line":23,"column":null}},"5":{"start":{"line":29,"column":4},"end":{"line":31,"column":null}},"6":{"start":{"line":37,"column":4},"end":{"line":38,"column":null}},"7":{"start":{"line":14,"column":13},"end":{"line":14,"column":null}},"8":{"start":{"line":14,"column":13},"end":{"line":13,"column":null}}},"fnMap":{"0":{"name":"(anonymous_0)","decl":{"start":{"line":18,"column":2},"end":{"line":18,"column":22}},"loc":{"start":{"line":18,"column":38},"end":{"line":18,"column":null}},"line":18},"1":{"name":"(anonymous_1)","decl":{"start":{"line":20,"column":2},"end":{"line":20,"column":11}},"loc":{"start":{"line":20,"column":11},"end":{"line":25,"column":null}},"line":20},"2":{"name":"(anonymous_2)","decl":{"start":{"line":27,"column":2},"end":{"line":27,"column":12}},"loc":{"start":{"line":27,"column":27},"end":{"line":33,"column":null}},"line":27},"3":{"name":"(anonymous_3)","decl":{"start":{"line":35,"column":2},"end":{"line":35,"column":14}},"loc":{"start":{"line":35,"column":29},"end":{"line":40,"column":null}},"line":35}},"branchMap":{"0":{"loc":{"start":{"line":14,"column":13},"end":{"line":14,"column":25}},"type":"binary-expr","locations":[{"start":{"line":14,"column":13},"end":{"line":14,"column":25}},{"start":{"line":14,"column":13},"end":{"line":14,"column":25}}],"line":14},"1":{"loc":{"start":{"line":14,"column":13},"end":{"line":13,"column":null}},"type":"binary-expr","locations":[{"start":{"line":14,"column":13},"end":{"line":14,"column":25}},{"start":{"line":14,"column":13},"end":{"line":14,"column":25}},{"start":{"line":14,"column":13},"end":{"line":13,"column":null}}],"line":14}},"s":{"0":4,"1":3,"2":4,"3":3,"4":1,"5":1,"6":1,"7":3,"8":4},"f":{"0":3,"1":1,"2":1,"3":1},"b":{"0":[3,3],"1":[4,4,4]},"meta":{"lastBranch":2,"lastFunction":4,"lastStatement":9,"seen":{"s:14:6:12:Infinity":0,"s:16:19:16:Infinity":1,"s:14:13:12:Infinity":2,"f:18:2:18:22":0,"s:18:22:18:38":3,"f:20:2:20:11":1,"s:22:4:23:Infinity":4,"f:27:2:27:12":2,"s:29:4:31:Infinity":5,"f:35:2:35:14":3,"s:37:4:38:Infinity":6,"s:14:13:14:Infinity":7,"b:14:13:14:25:14:13:14:25":0,"s:14:13:13:Infinity":8,"b:14:13:14:25:14:13:14:25:14:13:13:Infinity":1}}}
,"D:\\projet_openclass_room\\projet_4\\Prenez en charge le développement d'une application full-stack complète\\Front\\mdd-front\\src\\app\\core\\services\\user.ts": {"path":"D:\\projet_openclass_room\\projet_4\\Prenez en charge le développement d'une application full-stack complète\\Front\\mdd-front\\src\\app\\core\\services\\user.ts","statementMap":{"0":{"start":{"line":21,"column":6},"end":{"line":19,"column":null}},"1":{"start":{"line":23,"column":19},"end":{"line":23,"column":null}},"2":{"start":{"line":21,"column":13},"end":{"line":19,"column":null}},"3":{"start":{"line":25,"column":22},"end":{"line":25,"column":38}},"4":{"start":{"line":29,"column":4},"end":{"line":30,"column":null}},"5":{"start":{"line":38,"column":4},"end":{"line":40,"column":null}},"6":{"start":{"line":21,"column":13},"end":{"line":21,"column":null}},"7":{"start":{"line":21,"column":13},"end":{"line":20,"column":null}}},"fnMap":{"0":{"name":"(anonymous_0)","decl":{"start":{"line":25,"column":2},"end":{"line":25,"column":22}},"loc":{"start":{"line":25,"column":38},"end":{"line":25,"column":null}},"line":25},"1":{"name":"(anonymous_1)","decl":{"start":{"line":27,"column":2},"end":{"line":27,"column":16}},"loc":{"start":{"line":27,"column":16},"end":{"line":32,"column":null}},"line":27},"2":{"name":"(anonymous_2)","decl":{"start":{"line":34,"column":2},"end":{"line":34,"column":null}},"loc":{"start":{"line":35,"column":30},"end":{"line":42,"column":null}},"line":35}},"branchMap":{"0":{"loc":{"start":{"line":21,"column":13},"end":{"line":21,"column":24}},"type":"binary-expr","locations":[{"start":{"line":21,"column":13},"end":{"line":21,"column":24}},{"start":{"line":21,"column":13},"end":{"line":21,"column":24}}],"line":21},"1":{"loc":{"start":{"line":21,"column":13},"end":{"line":20,"column":null}},"type":"binary-expr","locations":[{"start":{"line":21,"column":13},"end":{"line":21,"column":24}},{"start":{"line":21,"column":13},"end":{"line":21,"column":24}},{"start":{"line":21,"column":13},"end":{"line":20,"column":null}}],"line":21}},"s":{"0":2,"1":2,"2":2,"3":2,"4":1,"5":1,"6":2,"7":2},"f":{"0":2,"1":1,"2":1},"b":{"0":[2,2],"1":[2,2,2]},"meta":{"lastBranch":2,"lastFunction":3,"lastStatement":8,"seen":{"s:21:6:19:Infinity":0,"s:23:19:23:Infinity":1,"s:21:13:19:Infinity":2,"f:25:2:25:22":0,"s:25:22:25:38":3,"f:27:2:27:16":1,"s:29:4:30:Infinity":4,"f:34:2:34:Infinity":2,"s:38:4:40:Infinity":5,"s:21:13:21:Infinity":6,"b:21:13:21:24:21:13:21:24":0,"s:21:13:20:Infinity":7,"b:21:13:21:24:21:13:21:24:21:13:20:Infinity":1}}}
,"D:\\projet_openclass_room\\projet_4\\Prenez en charge le développement d'une application full-stack complète\\Front\\mdd-front\\src\\app\\features\\auth\\pages\\home\\home.html": {"path":"D:\\projet_openclass_room\\projet_4\\Prenez en charge le développement d'une application full-stack complète\\Front\\mdd-front\\src\\app\\features\\auth\\pages\\home\\home.html","statementMap":{"0":{"start":{"line":1,"column":0},"end":{"line":1,"column":null}},"1":{"start":{"line":5,"column":4},"end":{"line":5,"column":null}},"2":{"start":{"line":11,"column":2},"end":{"line":11,"column":null}},"3":{"start":{"line":13,"column":2},"end":{"line":13,"column":null}},"4":{"start":{"line":18,"column":6},"end":{"line":18,"column":null}},"5":{"start":{"line":18,"column":6},"end":{"line":18,"column":26}},"6":{"start":{"line":20,"column":6},"end":{"line":20,"column":null}},"7":{"start":{"line":21,"column":4},"end":{"line":21,"column":null}},"8":{"start":{"line":23,"column":4},"end":{"line":23,"column":null}},"9":{"start":{"line":27,"column":6},"end":{"line":27,"column":null}},"10":{"start":{"line":27,"column":6},"end":{"line":27,"column":29}},"11":{"start":{"line":29,"column":6},"end":{"line":29,"column":null}},"12":{"start":{"line":30,"column":4},"end":{"line":32,"column":null}}},"fnMap":{"0":{"name":"HomeComponent_Template_button_click_4_listener","decl":{"start":{"line":18,"column":6},"end":{"line":18,"column":15}},"loc":{"start":{"line":18,"column":6},"end":{"line":18,"column":null}},"line":18},"1":{"name":"HomeComponent_Template_button_click_6_listener","decl":{"start":{"line":27,"column":6},"end":{"line":27,"column":15}},"loc":{"start":{"line":27,"column":6},"end":{"line":27,"column":null}},"line":27}},"branchMap":{},"s":{"0":1,"1":1,"2":1,"3":1,"4":1,"5":0,"6":1,"7":1,"8":1,"9":1,"10":0,"11":1,"12":1},"f":{"0":0,"1":0},"b":{},"meta":{"lastBranch":0,"lastFunction":2,"lastStatement":13,"seen":{"s:1:0:1:Infinity":0,"s:5:4:5:Infinity":1,"s:11:2:11:Infinity":2,"s:13:2:13:Infinity":3,"s:18:6:18:Infinity":4,"f:18:6:18:15":0,"s:18:6:18:26":5,"s:20:6:20:Infinity":6,"s:21:4:21:Infinity":7,"s:23:4:23:Infinity":8,"s:27:6:27:Infinity":9,"f:27:6:27:15":1,"s:27:6:27:29":10,"s:29:6:29:Infinity":11,"s:30:4:32:Infinity":12}}}
,"D:\\projet_openclass_room\\projet_4\\Prenez en charge le développement d'une application full-stack complète\\Front\\mdd-front\\src\\app\\features\\auth\\pages\\home\\home.ts": {"path":"D:\\projet_openclass_room\\projet_4\\Prenez en charge le développement d'une application full-stack complète\\Front\\mdd-front\\src\\app\\features\\auth\\pages\\home\\home.ts","statementMap":{"0":{"start":{"line":13,"column":6},"end":{"line":9,"column":28}},"1":{"start":{"line":13,"column":13},"end":{"line":9,"column":28}},"2":{"start":{"line":15,"column":22},"end":{"line":15,"column":36}},"3":{"start":{"line":18,"column":4},"end":{"line":18,"column":null}},"4":{"start":{"line":22,"column":4},"end":{"line":22,"column":null}},"5":{"start":{"line":13,"column":13},"end":{"line":13,"column":null}},"6":{"start":{"line":13,"column":26},"end":{"line":32,"column":null}},"7":{"start":{"line":13,"column":13},"end":{"line":9,"column":null}}},"fnMap":{"0":{"name":"(anonymous_0)","decl":{"start":{"line":15,"column":2},"end":{"line":15,"column":22}},"loc":{"start":{"line":15,"column":36},"end":{"line":15,"column":null}},"line":15},"1":{"name":"(anonymous_1)","decl":{"start":{"line":17,"column":2},"end":{"line":17,"column":11}},"loc":{"start":{"line":17,"column":11},"end":{"line":19,"column":null}},"line":17},"2":{"name":"(anonymous_2)","decl":{"start":{"line":21,"column":2},"end":{"line":21,"column":14}},"loc":{"start":{"line":21,"column":14},"end":{"line":23,"column":null}},"line":21},"3":{"name":"(anonymous_3)","decl":{"start":{"line":13,"column":26},"end":{"line":13,"column":null}},"loc":{"start":{"line":13,"column":26},"end":{"line":9,"column":27}},"line":13}},"branchMap":{"0":{"loc":{"start":{"line":13,"column":13},"end":{"line":13,"column":26}},"type":"binary-expr","locations":[{"start":{"line":13,"column":13},"end":{"line":13,"column":26}},{"start":{"line":13,"column":13},"end":{"line":13,"column":26}}],"line":13},"1":{"loc":{"start":{"line":13,"column":26},"end":{"line":32,"column":null}},"type":"if","locations":[{"start":{"line":13,"column":26},"end":{"line":32,"column":null}},{"start":{},"end":{}}],"line":13},"2":{"loc":{"start":{"line":13,"column":13},"end":{"line":9,"column":null}},"type":"binary-expr","locations":[{"start":{"line":13,"column":13},"end":{"line":13,"column":26}},{"start":{"line":13,"column":13},"end":{"line":13,"column":26}},{"start":{"line":13,"column":13},"end":{"line":9,"column":null}}],"line":13},"3":{"loc":{"start":{"line":13,"column":13},"end":{"line":13,"column":null}},"type":"binary-expr","locations":[{"start":{"line":13,"column":13},"end":{"line":13,"column":26}},{"start":{"line":13,"column":13},"end":{"line":13,"column":26}},{"start":{"line":13,"column":13},"end":{"line":13,"column":null}}],"line":13}},"s":{"0":1,"1":1,"2":1,"3":0,"4":0,"5":1,"6":3,"7":1},"f":{"0":1,"1":0,"2":0,"3":1},"b":{"0":[1,1],"1":[1,2],"2":[1,1,1],"3":[1,1,1]},"meta":{"lastBranch":4,"lastFunction":4,"lastStatement":8,"seen":{"s:13:6:9:28":0,"s:13:13:9:28":1,"f:15:2:15:22":0,"s:15:22:15:36":2,"f:17:2:17:11":1,"s:18:4:18:Infinity":3,"f:21:2:21:14":2,"s:22:4:22:Infinity":4,"s:13:13:13:Infinity":5,"b:13:13:13:26:13:13:13:26":0,"f:13:26:13:Infinity":3,"b:13:26:32:Infinity:undefined:undefined:undefined:undefined":1,"s:13:26:32:Infinity":6,"s:13:13:9:Infinity":7,"b:13:13:13:26:13:13:13:26:13:13:9:Infinity":2,"b:13:13:13:26:13:13:13:26:13:13:13:Infinity":3}}}
,"D:\\projet_openclass_room\\projet_4\\Prenez en charge le développement d'une application full-stack complète\\Front\\mdd-front\\src\\app\\features\\auth\\pages\\login\\login.html": {"path":"D:\\projet_openclass_room\\projet_4\\Prenez en charge le développement d'une application full-stack complète\\Front\\mdd-front\\src\\app\\features\\auth\\pages\\login\\login.html","statementMap":{"0":{"start":{"line":1,"column":0},"end":{"line":1,"column":null}},"1":{"start":{"line":6,"column":4},"end":{"line":6,"column":null}},"2":{"start":{"line":6,"column":4},"end":{"line":6,"column":21}},"3":{"start":{"line":8,"column":4},"end":{"line":8,"column":14}},"4":{"start":{"line":8,"column":14},"end":{"line":8,"column":24}},"5":{"start":{"line":8,"column":24},"end":{"line":8,"column":null}},"6":{"start":{"line":11,"column":2},"end":{"line":11,"column":null}},"7":{"start":{"line":17,"column":2},"end":{"line":17,"column":6}},"8":{"start":{"line":17,"column":6},"end":{"line":17,"column":18}},"9":{"start":{"line":17,"column":18},"end":{"line":17,"column":null}},"10":{"start":{"line":19,"column":2},"end":{"line":19,"column":null}},"11":{"start":{"line":21,"column":4},"end":{"line":21,"column":null}},"12":{"start":{"line":21,"column":4},"end":{"line":21,"column":26}},"13":{"start":{"line":25,"column":4},"end":{"line":25,"column":null}},"14":{"start":{"line":27,"column":17},"end":{"line":27,"column":44}},"15":{"start":{"line":27,"column":44},"end":{"line":27,"column":null}},"16":{"start":{"line":29,"column":6},"end":{"line":29,"column":null}},"17":{"start":{"line":34,"column":4},"end":{"line":34,"column":null}},"18":{"start":{"line":36,"column":4},"end":{"line":36,"column":null}},"19":{"start":{"line":38,"column":17},"end":{"line":38,"column":29}},"20":{"start":{"line":38,"column":29},"end":{"line":38,"column":null}},"21":{"start":{"line":40,"column":6},"end":{"line":40,"column":null}},"22":{"start":{"line":46,"column":4},"end":{"line":46,"column":null}},"23":{"start":{"line":48,"column":4},"end":{"line":48,"column":null}},"24":{"start":{"line":53,"column":6},"end":{"line":53,"column":null}},"25":{"start":{"line":54,"column":4},"end":{"line":56,"column":null}},"26":{"start":{"line":20,"column":4},"end":{"line":20,"column":null}}},"fnMap":{"0":{"name":"LoginComponent_Template_button_click_1_listener","decl":{"start":{"line":6,"column":4},"end":{"line":6,"column":13}},"loc":{"start":{"line":6,"column":4},"end":{"line":6,"column":null}},"line":6},"1":{"name":"LoginComponent_Template_form_ngSubmit_7_listener","decl":{"start":{"line":21,"column":4},"end":{"line":21,"column":16}},"loc":{"start":{"line":21,"column":4},"end":{"line":21,"column":null}},"line":21}},"branchMap":{},"s":{"0":2,"1":2,"2":0,"3":2,"4":2,"5":2,"6":2,"7":2,"8":2,"9":2,"10":2,"11":2,"12":0,"13":2,"14":2,"15":2,"16":2,"17":2,"18":2,"19":2,"20":2,"21":2,"22":2,"23":2,"24":2,"25":2,"26":4},"f":{"0":0,"1":0},"b":{},"meta":{"lastBranch":0,"lastFunction":2,"lastStatement":27,"seen":{"s:1:0:1:Infinity":0,"s:6:4:6:Infinity":1,"f:6:4:6:13":0,"s:6:4:6:21":2,"s:8:4:8:14":3,"s:8:14:8:24":4,"s:8:24:8:Infinity":5,"s:11:2:11:Infinity":6,"s:17:2:17:6":7,"s:17:6:17:18":8,"s:17:18:17:Infinity":9,"s:19:2:19:Infinity":10,"s:21:4:21:Infinity":11,"f:21:4:21:16":1,"s:21:4:21:26":12,"s:25:4:25:Infinity":13,"s:27:17:27:44":14,"s:27:44:27:Infinity":15,"s:29:6:29:Infinity":16,"s:34:4:34:Infinity":17,"s:36:4:36:Infinity":18,"s:38:17:38:29":19,"s:38:29:38:Infinity":20,"s:40:6:40:Infinity":21,"s:46:4:46:Infinity":22,"s:48:4:48:Infinity":23,"s:53:6:53:Infinity":24,"s:54:4:56:Infinity":25,"s:20:4:20:Infinity":26}}}
,"D:\\projet_openclass_room\\projet_4\\Prenez en charge le développement d'une application full-stack complète\\Front\\mdd-front\\src\\app\\features\\auth\\pages\\login\\login.ts": {"path":"D:\\projet_openclass_room\\projet_4\\Prenez en charge le développement d'une application full-stack complète\\Front\\mdd-front\\src\\app\\features\\auth\\pages\\login\\login.ts","statementMap":{"0":{"start":{"line":48,"column":6},"end":{"line":41,"column":null}},"1":{"start":{"line":48,"column":13},"end":{"line":41,"column":null}},"2":{"start":{"line":53,"column":12},"end":{"line":53,"column":null}},"3":{"start":{"line":55,"column":12},"end":{"line":55,"column":null}},"4":{"start":{"line":57,"column":12},"end":{"line":57,"column":36}},"5":{"start":{"line":60,"column":4},"end":{"line":71,"column":null}},"6":{"start":{"line":76,"column":4},"end":{"line":76,"column":null}},"7":{"start":{"line":81,"column":4},"end":{"line":84,"column":null}},"8":{"start":{"line":83,"column":6},"end":{"line":83,"column":null}},"9":{"start":{"line":86,"column":4},"end":{"line":104,"column":null}},"10":{"start":{"line":92,"column":10},"end":{"line":94,"column":null}},"11":{"start":{"line":97,"column":10},"end":{"line":97,"column":null}},"12":{"start":{"line":102,"column":10},"end":{"line":102,"column":null}},"13":{"start":{"line":48,"column":13},"end":{"line":48,"column":null}},"14":{"start":{"line":48,"column":27},"end":{"line":56,"column":null}},"15":{"start":{"line":48,"column":13},"end":{"line":42,"column":null}}},"fnMap":{"0":{"name":"(anonymous_0)","decl":{"start":{"line":52,"column":2},"end":{"line":52,"column":null}},"loc":{"start":{"line":57,"column":36},"end":{"line":72,"column":null}},"line":57},"1":{"name":"(anonymous_1)","decl":{"start":{"line":74,"column":2},"end":{"line":74,"column":8}},"loc":{"start":{"line":74,"column":8},"end":{"line":77,"column":null}},"line":74},"2":{"name":"(anonymous_2)","decl":{"start":{"line":79,"column":2},"end":{"line":79,"column":10}},"loc":{"start":{"line":79,"column":10},"end":{"line":105,"column":null}},"line":79},"3":{"name":"(anonymous_3)","decl":{"start":{"line":90,"column":14},"end":{"line":90,"column":25}},"loc":{"start":{"line":90,"column":25},"end":{"line":98,"column":null}},"line":90},"4":{"name":"(anonymous_4)","decl":{"start":{"line":100,"column":15},"end":{"line":100,"column":23}},"loc":{"start":{"line":100,"column":23},"end":{"line":103,"column":null}},"line":100},"5":{"name":"(anonymous_5)","decl":{"start":{"line":48,"column":27},"end":{"line":48,"column":null}},"loc":{"start":{"line":48,"column":27},"end":{"line":20,"column":null}},"line":48}},"branchMap":{"0":{"loc":{"start":{"line":81,"column":4},"end":{"line":84,"column":null}},"type":"if","locations":[{"start":{"line":81,"column":4},"end":{"line":84,"column":null}},{"start":{},"end":{}}],"line":81},"1":{"loc":{"start":{"line":48,"column":13},"end":{"line":48,"column":27}},"type":"binary-expr","locations":[{"start":{"line":48,"column":13},"end":{"line":48,"column":27}},{"start":{"line":48,"column":13},"end":{"line":48,"column":27}}],"line":48},"2":{"loc":{"start":{"line":48,"column":27},"end":{"line":56,"column":null}},"type":"if","locations":[{"start":{"line":48,"column":27},"end":{"line":56,"column":null}},{"start":{},"end":{}}],"line":48},"3":{"loc":{"start":{"line":48,"column":13},"end":{"line":42,"column":null}},"type":"binary-expr","locations":[{"start":{"line":48,"column":13},"end":{"line":48,"column":27}},{"start":{"line":48,"column":13},"end":{"line":48,"column":27}},{"start":{"line":48,"column":13},"end":{"line":42,"column":null}}],"line":48},"4":{"loc":{"start":{"line":48,"column":13},"end":{"line":48,"column":null}},"type":"binary-expr","locations":[{"start":{"line":48,"column":13},"end":{"line":48,"column":27}},{"start":{"line":48,"column":13},"end":{"line":48,"column":27}},{"start":{"line":48,"column":13},"end":{"line":48,"column":null}}],"line":48}},"s":{"0":1,"1":1,"2":2,"3":2,"4":2,"5":2,"6":0,"7":1,"8":0,"9":1,"10":1,"11":1,"12":0,"13":1,"14":6,"15":1},"f":{"0":2,"1":0,"2":1,"3":1,"4":0,"5":1},"b":{"0":[0,1],"1":[2,2],"2":[2,4],"3":[1,1,1],"4":[1,1,1]},"meta":{"lastBranch":5,"lastFunction":6,"lastStatement":16,"seen":{"s:48:6:41:Infinity":0,"s:48:13:41:Infinity":1,"f:52:2:52:Infinity":0,"s:53:12:53:Infinity":2,"s:55:12:55:Infinity":3,"s:57:12:57:36":4,"s:60:4:71:Infinity":5,"f:74:2:74:8":1,"s:76:4:76:Infinity":6,"f:79:2:79:10":2,"b:81:4:84:Infinity:undefined:undefined:undefined:undefined":0,"s:81:4:84:Infinity":7,"s:83:6:83:Infinity":8,"s:86:4:104:Infinity":9,"f:90:14:90:25":3,"s:92:10:94:Infinity":10,"s:97:10:97:Infinity":11,"f:100:15:100:23":4,"s:102:10:102:Infinity":12,"s:48:13:48:Infinity":13,"b:48:13:48:27:48:13:48:27":1,"f:48:27:48:Infinity":5,"b:48:27:56:Infinity:undefined:undefined:undefined:undefined":2,"s:48:27:56:Infinity":14,"s:48:13:42:Infinity":15,"b:48:13:48:27:48:13:48:27:48:13:42:Infinity":3,"b:48:13:48:27:48:13:48:27:48:13:48:Infinity":4}}}
,"D:\\projet_openclass_room\\projet_4\\Prenez en charge le développement d'une application full-stack complète\\Front\\mdd-front\\src\\app\\features\\auth\\pages\\register\\register.html": {"path":"D:\\projet_openclass_room\\projet_4\\Prenez en charge le développement d'une application full-stack complète\\Front\\mdd-front\\src\\app\\features\\auth\\pages\\register\\register.html","statementMap":{"0":{"start":{"line":1,"column":0},"end":{"line":1,"column":null}},"1":{"start":{"line":6,"column":4},"end":{"line":6,"column":null}},"2":{"start":{"line":6,"column":4},"end":{"line":6,"column":21}},"3":{"start":{"line":8,"column":4},"end":{"line":8,"column":14}},"4":{"start":{"line":8,"column":14},"end":{"line":8,"column":24}},"5":{"start":{"line":8,"column":24},"end":{"line":8,"column":null}},"6":{"start":{"line":11,"column":2},"end":{"line":11,"column":null}},"7":{"start":{"line":17,"column":2},"end":{"line":17,"column":6}},"8":{"start":{"line":17,"column":6},"end":{"line":17,"column":17}},"9":{"start":{"line":17,"column":17},"end":{"line":17,"column":null}},"10":{"start":{"line":19,"column":2},"end":{"line":19,"column":null}},"11":{"start":{"line":21,"column":4},"end":{"line":21,"column":null}},"12":{"start":{"line":21,"column":4},"end":{"line":21,"column":26}},"13":{"start":{"line":25,"column":4},"end":{"line":25,"column":null}},"14":{"start":{"line":27,"column":17},"end":{"line":27,"column":34}},"15":{"start":{"line":27,"column":34},"end":{"line":27,"column":null}},"16":{"start":{"line":29,"column":6},"end":{"line":29,"column":null}},"17":{"start":{"line":34,"column":4},"end":{"line":34,"column":null}},"18":{"start":{"line":36,"column":4},"end":{"line":36,"column":null}},"19":{"start":{"line":38,"column":17},"end":{"line":38,"column":31}},"20":{"start":{"line":38,"column":31},"end":{"line":38,"column":null}},"21":{"start":{"line":40,"column":6},"end":{"line":40,"column":null}},"22":{"start":{"line":46,"column":4},"end":{"line":46,"column":null}},"23":{"start":{"line":48,"column":4},"end":{"line":48,"column":null}},"24":{"start":{"line":50,"column":17},"end":{"line":50,"column":29}},"25":{"start":{"line":50,"column":29},"end":{"line":50,"column":null}},"26":{"start":{"line":52,"column":6},"end":{"line":52,"column":null}},"27":{"start":{"line":58,"column":4},"end":{"line":58,"column":null}},"28":{"start":{"line":60,"column":4},"end":{"line":60,"column":null}},"29":{"start":{"line":65,"column":6},"end":{"line":65,"column":null}},"30":{"start":{"line":66,"column":4},"end":{"line":68,"column":null}},"31":{"start":{"line":20,"column":4},"end":{"line":20,"column":null}}},"fnMap":{"0":{"name":"RegisterComponent_Template_button_click_1_listener","decl":{"start":{"line":6,"column":4},"end":{"line":6,"column":13}},"loc":{"start":{"line":6,"column":4},"end":{"line":6,"column":null}},"line":6},"1":{"name":"RegisterComponent_Template_form_ngSubmit_7_listener","decl":{"start":{"line":21,"column":4},"end":{"line":21,"column":16}},"loc":{"start":{"line":21,"column":4},"end":{"line":21,"column":null}},"line":21}},"branchMap":{},"s":{"0":3,"1":3,"2":0,"3":3,"4":3,"5":3,"6":3,"7":3,"8":3,"9":3,"10":3,"11":3,"12":0,"13":3,"14":3,"15":3,"16":3,"17":3,"18":3,"19":3,"20":3,"21":3,"22":3,"23":3,"24":3,"25":3,"26":3,"27":3,"28":3,"29":3,"30":3,"31":6},"f":{"0":0,"1":0},"b":{},"meta":{"lastBranch":0,"lastFunction":2,"lastStatement":32,"seen":{"s:1:0:1:Infinity":0,"s:6:4:6:Infinity":1,"f:6:4:6:13":0,"s:6:4:6:21":2,"s:8:4:8:14":3,"s:8:14:8:24":4,"s:8:24:8:Infinity":5,"s:11:2:11:Infinity":6,"s:17:2:17:6":7,"s:17:6:17:17":8,"s:17:17:17:Infinity":9,"s:19:2:19:Infinity":10,"s:21:4:21:Infinity":11,"f:21:4:21:16":1,"s:21:4:21:26":12,"s:25:4:25:Infinity":13,"s:27:17:27:34":14,"s:27:34:27:Infinity":15,"s:29:6:29:Infinity":16,"s:34:4:34:Infinity":17,"s:36:4:36:Infinity":18,"s:38:17:38:31":19,"s:38:31:38:Infinity":20,"s:40:6:40:Infinity":21,"s:46:4:46:Infinity":22,"s:48:4:48:Infinity":23,"s:50:17:50:29":24,"s:50:29:50:Infinity":25,"s:52:6:52:Infinity":26,"s:58:4:58:Infinity":27,"s:60:4:60:Infinity":28,"s:65:6:65:Infinity":29,"s:66:4:68:Infinity":30,"s:20:4:20:Infinity":31}}}
,"D:\\projet_openclass_room\\projet_4\\Prenez en charge le développement d'une application full-stack complète\\Front\\mdd-front\\src\\app\\features\\auth\\pages\\register\\register.ts": {"path":"D:\\projet_openclass_room\\projet_4\\Prenez en charge le développement d'une application full-stack complète\\Front\\mdd-front\\src\\app\\features\\auth\\pages\\register\\register.ts","statementMap":{"0":{"start":{"line":32,"column":6},"end":{"line":27,"column":null}},"1":{"start":{"line":32,"column":13},"end":{"line":27,"column":null}},"2":{"start":{"line":37,"column":12},"end":{"line":37,"column":null}},"3":{"start":{"line":38,"column":12},"end":{"line":38,"column":null}},"4":{"start":{"line":39,"column":12},"end":{"line":39,"column":36}},"5":{"start":{"line":42,"column":4},"end":{"line":61,"column":null}},"6":{"start":{"line":65,"column":4},"end":{"line":65,"column":null}},"7":{"start":{"line":70,"column":2},"end":{"line":72,"column":null}},"8":{"start":{"line":71,"column":4},"end":{"line":71,"column":null}},"9":{"start":{"line":74,"column":2},"end":{"line":87,"column":null}},"10":{"start":{"line":80,"column":8},"end":{"line":80,"column":null}},"11":{"start":{"line":85,"column":2},"end":{"line":85,"column":null}},"12":{"start":{"line":32,"column":13},"end":{"line":32,"column":null}},"13":{"start":{"line":32,"column":30},"end":{"line":68,"column":null}},"14":{"start":{"line":32,"column":13},"end":{"line":28,"column":null}}},"fnMap":{"0":{"name":"(anonymous_0)","decl":{"start":{"line":36,"column":2},"end":{"line":36,"column":null}},"loc":{"start":{"line":39,"column":36},"end":{"line":62,"column":null}},"line":39},"1":{"name":"(anonymous_1)","decl":{"start":{"line":64,"column":2},"end":{"line":64,"column":8}},"loc":{"start":{"line":64,"column":8},"end":{"line":66,"column":null}},"line":64},"2":{"name":"(anonymous_2)","decl":{"start":{"line":68,"column":1},"end":{"line":68,"column":9}},"loc":{"start":{"line":68,"column":9},"end":{"line":88,"column":null}},"line":68},"3":{"name":"(anonymous_3)","decl":{"start":{"line":78,"column":12},"end":{"line":78,"column":17}},"loc":{"start":{"line":78,"column":17},"end":{"line":81,"column":null}},"line":78},"4":{"name":"(anonymous_4)","decl":{"start":{"line":83,"column":12},"end":{"line":83,"column":20}},"loc":{"start":{"line":83,"column":20},"end":{"line":86,"column":null}},"line":83},"5":{"name":"(anonymous_5)","decl":{"start":{"line":32,"column":30},"end":{"line":32,"column":null}},"loc":{"start":{"line":32,"column":30},"end":{"line":20,"column":null}},"line":32}},"branchMap":{"0":{"loc":{"start":{"line":70,"column":2},"end":{"line":72,"column":null}},"type":"if","locations":[{"start":{"line":70,"column":2},"end":{"line":72,"column":null}},{"start":{},"end":{}}],"line":70},"1":{"loc":{"start":{"line":32,"column":13},"end":{"line":32,"column":30}},"type":"binary-expr","locations":[{"start":{"line":32,"column":13},"end":{"line":32,"column":30}},{"start":{"line":32,"column":13},"end":{"line":32,"column":30}}],"line":32},"2":{"loc":{"start":{"line":32,"column":30},"end":{"line":68,"column":null}},"type":"if","locations":[{"start":{"line":32,"column":30},"end":{"line":68,"column":null}},{"start":{},"end":{}}],"line":32},"3":{"loc":{"start":{"line":32,"column":13},"end":{"line":28,"column":null}},"type":"binary-expr","locations":[{"start":{"line":32,"column":13},"end":{"line":32,"column":30}},{"start":{"line":32,"column":13},"end":{"line":32,"column":30}},{"start":{"line":32,"column":13},"end":{"line":28,"column":null}}],"line":32},"4":{"loc":{"start":{"line":32,"column":13},"end":{"line":32,"column":null}},"type":"binary-expr","locations":[{"start":{"line":32,"column":13},"end":{"line":32,"column":30}},{"start":{"line":32,"column":13},"end":{"line":32,"column":30}},{"start":{"line":32,"column":13},"end":{"line":32,"column":null}}],"line":32}},"s":{"0":1,"1":1,"2":3,"3":3,"4":3,"5":3,"6":0,"7":2,"8":1,"9":1,"10":1,"11":0,"12":1,"13":9,"14":1},"f":{"0":3,"1":0,"2":2,"3":1,"4":0,"5":1},"b":{"0":[1,1],"1":[3,3],"2":[3,6],"3":[1,1,1],"4":[1,1,1]},"meta":{"lastBranch":5,"lastFunction":6,"lastStatement":15,"seen":{"s:32:6:27:Infinity":0,"s:32:13:27:Infinity":1,"f:36:2:36:Infinity":0,"s:37:12:37:Infinity":2,"s:38:12:38:Infinity":3,"s:39:12:39:36":4,"s:42:4:61:Infinity":5,"f:64:2:64:8":1,"s:65:4:65:Infinity":6,"f:68:1:68:9":2,"b:70:2:72:Infinity:undefined:undefined:undefined:undefined":0,"s:70:2:72:Infinity":7,"s:71:4:71:Infinity":8,"s:74:2:87:Infinity":9,"f:78:12:78:17":3,"s:80:8:80:Infinity":10,"f:83:12:83:20":4,"s:85:2:85:Infinity":11,"s:32:13:32:Infinity":12,"b:32:13:32:30:32:13:32:30":1,"f:32:30:32:Infinity":5,"b:32:30:68:Infinity:undefined:undefined:undefined:undefined":2,"s:32:30:68:Infinity":13,"s:32:13:28:Infinity":14,"b:32:13:32:30:32:13:32:30:32:13:28:Infinity":3,"b:32:13:32:30:32:13:32:30:32:13:32:Infinity":4}}}
,"D:\\projet_openclass_room\\projet_4\\Prenez en charge le développement d'une application full-stack complète\\Front\\mdd-front\\src\\app\\features\\feed\\pages\\feed\\feed.html": {"path":"D:\\projet_openclass_room\\projet_4\\Prenez en charge le développement d'une application full-stack complète\\Front\\mdd-front\\src\\app\\features\\feed\\pages\\feed\\feed.html","statementMap":{"0":{"start":{"line":22,"column":4},"end":{"line":25,"column":null}},"1":{"start":{"line":28,"column":8},"end":{"line":28,"column":null}},"2":{"start":{"line":29,"column":6},"end":{"line":29,"column":null}},"3":{"start":{"line":31,"column":6},"end":{"line":31,"column":null}},"4":{"start":{"line":33,"column":8},"end":{"line":33,"column":null}},"5":{"start":{"line":39,"column":6},"end":{"line":39,"column":null}},"6":{"start":{"line":41,"column":6},"end":{"line":41,"column":null}},"7":{"start":{"line":44,"column":10},"end":{"line":44,"column":null}},"8":{"start":{"line":45,"column":8},"end":{"line":47,"column":null}},"9":{"start":{"line":17,"column":2},"end":{"line":17,"column":null}},"10":{"start":{"line":22,"column":4},"end":{"line":22,"column":null}},"11":{"start":{"line":51,"column":2},"end":{"line":51,"column":null}},"12":{"start":{"line":24,"column":23},"end":{"line":24,"column":null}},"13":{"start":{"line":1,"column":0},"end":{"line":1,"column":null}},"14":{"start":{"line":3,"column":0},"end":{"line":5,"column":null}},"15":{"start":{"line":12,"column":2},"end":{"line":12,"column":null}},"16":{"start":{"line":13,"column":0},"end":{"line":13,"column":null}},"17":{"start":{"line":53,"column":0},"end":{"line":53,"column":null}},"18":{"start":{"line":10,"column":2},"end":{"line":10,"column":null}},"19":{"start":{"line":19,"column":5},"end":{"line":19,"column":null}}},"fnMap":{},"branchMap":{},"s":{"0":0,"1":0,"2":0,"3":0,"4":0,"5":0,"6":0,"7":0,"8":0,"9":0,"10":0,"11":0,"12":0,"13":0,"14":0,"15":0,"16":0,"17":0,"18":0,"19":0},"f":{},"b":{},"meta":{"lastBranch":0,"lastFunction":0,"lastStatement":20,"seen":{"s:22:4:25:Infinity":0,"s:28:8:28:Infinity":1,"s:29:6:29:Infinity":2,"s:31:6:31:Infinity":3,"s:33:8:33:Infinity":4,"s:39:6:39:Infinity":5,"s:41:6:41:Infinity":6,"s:44:10:44:Infinity":7,"s:45:8:47:Infinity":8,"s:17:2:17:Infinity":9,"s:22:4:22:Infinity":10,"s:51:2:51:Infinity":11,"s:24:23:24:Infinity":12,"s:1:0:1:Infinity":13,"s:3:0:5:Infinity":14,"s:12:2:12:Infinity":15,"s:13:0:13:Infinity":16,"s:53:0:53:Infinity":17,"s:10:2:10:Infinity":18,"s:19:5:19:Infinity":19}}}
,"D:\\projet_openclass_room\\projet_4\\Prenez en charge le développement d'une application full-stack complète\\Front\\mdd-front\\src\\app\\features\\feed\\pages\\feed\\feed.ts": {"path":"D:\\projet_openclass_room\\projet_4\\Prenez en charge le développement d'une application full-stack complète\\Front\\mdd-front\\src\\app\\features\\feed\\pages\\feed\\feed.ts","statementMap":{"0":{"start":{"line":33,"column":6},"end":{"line":26,"column":null}},"1":{"start":{"line":35,"column":18},"end":{"line":35,"column":null}},"2":{"start":{"line":37,"column":12},"end":{"line":37,"column":null}},"3":{"start":{"line":33,"column":13},"end":{"line":26,"column":null}},"4":{"start":{"line":40,"column":12},"end":{"line":40,"column":36}},"5":{"start":{"line":45,"column":4},"end":{"line":45,"column":null}},"6":{"start":{"line":50,"column":4},"end":{"line":50,"column":null}},"7":{"start":{"line":52,"column":4},"end":{"line":68,"column":null}},"8":{"start":{"line":57,"column":10},"end":{"line":57,"column":null}},"9":{"start":{"line":59,"column":10},"end":{"line":59,"column":null}},"10":{"start":{"line":64,"column":10},"end":{"line":64,"column":null}},"11":{"start":{"line":66,"column":10},"end":{"line":66,"column":null}},"12":{"start":{"line":33,"column":13},"end":{"line":33,"column":null}},"13":{"start":{"line":33,"column":26},"end":{"line":53,"column":null}},"14":{"start":{"line":33,"column":13},"end":{"line":27,"column":null}}},"fnMap":{"0":{"name":"(anonymous_0)","decl":{"start":{"line":39,"column":2},"end":{"line":39,"column":null}},"loc":{"start":{"line":40,"column":36},"end":{"line":41,"column":null}},"line":40},"1":{"name":"(anonymous_1)","decl":{"start":{"line":43,"column":2},"end":{"line":43,"column":10}},"loc":{"start":{"line":43,"column":10},"end":{"line":46,"column":null}},"line":43},"2":{"name":"(anonymous_2)","decl":{"start":{"line":48,"column":2},"end":{"line":48,"column":10}},"loc":{"start":{"line":48,"column":10},"end":{"line":69,"column":null}},"line":48},"3":{"name":"(anonymous_3)","decl":{"start":{"line":55,"column":14},"end":{"line":55,"column":22}},"loc":{"start":{"line":55,"column":22},"end":{"line":60,"column":null}},"line":55},"4":{"name":"(anonymous_4)","decl":{"start":{"line":62,"column":15},"end":{"line":62,"column":23}},"loc":{"start":{"line":62,"column":23},"end":{"line":67,"column":null}},"line":62},"5":{"name":"(anonymous_5)","decl":{"start":{"line":33,"column":26},"end":{"line":33,"column":null}},"loc":{"start":{"line":33,"column":26},"end":{"line":22,"column":16}},"line":33}},"branchMap":{"0":{"loc":{"start":{"line":33,"column":13},"end":{"line":33,"column":26}},"type":"binary-expr","locations":[{"start":{"line":33,"column":13},"end":{"line":33,"column":26}},{"start":{"line":33,"column":13},"end":{"line":33,"column":26}}],"line":33},"1":{"loc":{"start":{"line":33,"column":26},"end":{"line":53,"column":null}},"type":"if","locations":[{"start":{"line":33,"column":26},"end":{"line":53,"column":null}},{"start":{},"end":{}}],"line":33},"2":{"loc":{"start":{"line":33,"column":13},"end":{"line":27,"column":null}},"type":"binary-expr","locations":[{"start":{"line":33,"column":13},"end":{"line":33,"column":26}},{"start":{"line":33,"column":13},"end":{"line":33,"column":26}},{"start":{"line":33,"column":13},"end":{"line":27,"column":null}}],"line":33},"3":{"loc":{"start":{"line":33,"column":13},"end":{"line":33,"column":null}},"type":"binary-expr","locations":[{"start":{"line":33,"column":13},"end":{"line":33,"column":26}},{"start":{"line":33,"column":13},"end":{"line":33,"column":26}},{"start":{"line":33,"column":13},"end":{"line":33,"column":null}}],"line":33}},"s":{"0":1,"1":1,"2":1,"3":1,"4":1,"5":1,"6":1,"7":1,"8":1,"9":1,"10":0,"11":0,"12":1,"13":0,"14":1},"f":{"0":1,"1":1,"2":1,"3":1,"4":0,"5":1},"b":{"0":[0,0],"1":[0,0],"2":[1,1,1],"3":[1,1,1]},"meta":{"lastBranch":4,"lastFunction":6,"lastStatement":15,"seen":{"s:33:6:26:Infinity":0,"s:35:18:35:Infinity":1,"s:37:12:37:Infinity":2,"s:33:13:26:Infinity":3,"f:39:2:39:Infinity":0,"s:40:12:40:36":4,"f:43:2:43:10":1,"s:45:4:45:Infinity":5,"f:48:2:48:10":2,"s:50:4:50:Infinity":6,"s:52:4:68:Infinity":7,"f:55:14:55:22":3,"s:57:10:57:Infinity":8,"s:59:10:59:Infinity":9,"f:62:15:62:23":4,"s:64:10:64:Infinity":10,"s:66:10:66:Infinity":11,"s:33:13:33:Infinity":12,"b:33:13:33:26:33:13:33:26":0,"f:33:26:33:Infinity":5,"b:33:26:53:Infinity:undefined:undefined:undefined:undefined":1,"s:33:26:53:Infinity":13,"s:33:13:27:Infinity":14,"b:33:13:33:26:33:13:33:26:33:13:27:Infinity":2,"b:33:13:33:26:33:13:33:26:33:13:33:Infinity":3}}}
,"D:\\projet_openclass_room\\projet_4\\Prenez en charge le développement d'une application full-stack complète\\Front\\mdd-front\\src\\app\\features\\posts\\create-post\\create-post.html": {"path":"D:\\projet_openclass_room\\projet_4\\Prenez en charge le développement d'une application full-stack complète\\Front\\mdd-front\\src\\app\\features\\posts\\create-post\\create-post.html","statementMap":{"0":{"start":{"line":1,"column":0},"end":{"line":1,"column":3}},"1":{"start":{"line":1,"column":3},"end":{"line":1,"column":21}},"2":{"start":{"line":1,"column":21},"end":{"line":1,"column":null}}},"fnMap":{},"branchMap":{},"s":{"0":3,"1":3,"2":3},"f":{},"b":{},"meta":{"lastBranch":0,"lastFunction":0,"lastStatement":3,"seen":{"s:1:0:1:3":0,"s:1:3:1:21":1,"s:1:21:1:Infinity":2}}}
,"D:\\projet_openclass_room\\projet_4\\Prenez en charge le développement d'une application full-stack complète\\Front\\mdd-front\\src\\app\\features\\posts\\create-post\\create-post.ts": {"path":"D:\\projet_openclass_room\\projet_4\\Prenez en charge le développement d'une application full-stack complète\\Front\\mdd-front\\src\\app\\features\\posts\\create-post\\create-post.ts","statementMap":{"0":{"start":{"line":53,"column":6},"end":{"line":46,"column":null}},"1":{"start":{"line":58,"column":20},"end":{"line":58,"column":null}},"2":{"start":{"line":53,"column":13},"end":{"line":46,"column":null}},"3":{"start":{"line":61,"column":12},"end":{"line":61,"column":null}},"4":{"start":{"line":63,"column":12},"end":{"line":63,"column":null}},"5":{"start":{"line":65,"column":12},"end":{"line":65,"column":null}},"6":{"start":{"line":67,"column":12},"end":{"line":67,"column":26}},"7":{"start":{"line":70,"column":4},"end":{"line":86,"column":null}},"8":{"start":{"line":91,"column":4},"end":{"line":91,"column":null}},"9":{"start":{"line":96,"column":4},"end":{"line":103,"column":null}},"10":{"start":{"line":101,"column":10},"end":{"line":101,"column":null}},"11":{"start":{"line":108,"column":4},"end":{"line":111,"column":null}},"12":{"start":{"line":110,"column":6},"end":{"line":110,"column":null}},"13":{"start":{"line":113,"column":4},"end":{"line":126,"column":null}},"14":{"start":{"line":119,"column":10},"end":{"line":119,"column":null}},"15":{"start":{"line":124,"column":10},"end":{"line":124,"column":null}},"16":{"start":{"line":53,"column":13},"end":{"line":53,"column":null}},"17":{"start":{"line":53,"column":32},"end":{"line":1,"column":null}},"18":{"start":{"line":53,"column":13},"end":{"line":47,"column":null}}},"fnMap":{"0":{"name":"(anonymous_0)","decl":{"start":{"line":60,"column":2},"end":{"line":60,"column":null}},"loc":{"start":{"line":67,"column":26},"end":{"line":87,"column":null}},"line":67},"1":{"name":"(anonymous_1)","decl":{"start":{"line":89,"column":2},"end":{"line":89,"column":10}},"loc":{"start":{"line":89,"column":10},"end":{"line":92,"column":null}},"line":89},"2":{"name":"(anonymous_2)","decl":{"start":{"line":94,"column":2},"end":{"line":94,"column":12}},"loc":{"start":{"line":94,"column":12},"end":{"line":104,"column":null}},"line":94},"3":{"name":"(anonymous_3)","decl":{"start":{"line":99,"column":14},"end":{"line":99,"column":23}},"loc":{"start":{"line":99,"column":23},"end":{"line":102,"column":null}},"line":99},"4":{"name":"(anonymous_4)","decl":{"start":{"line":106,"column":2},"end":{"line":106,"column":8}},"loc":{"start":{"line":106,"column":8},"end":{"line":127,"column":null}},"line":106},"5":{"name":"(anonymous_5)","decl":{"start":{"line":117,"column":14},"end":{"line":117,"column":19}},"loc":{"start":{"line":117,"column":19},"end":{"line":120,"column":null}},"line":117},"6":{"name":"(anonymous_6)","decl":{"start":{"line":122,"column":15},"end":{"line":122,"column":23}},"loc":{"start":{"line":122,"column":23},"end":{"line":125,"column":null}},"line":122},"7":{"name":"(anonymous_7)","decl":{"start":{"line":53,"column":32},"end":{"line":53,"column":null}},"loc":{"start":{"line":53,"column":32},"end":{"line":1,"column":null}},"line":53}},"branchMap":{"0":{"loc":{"start":{"line":108,"column":4},"end":{"line":111,"column":null}},"type":"if","locations":[{"start":{"line":108,"column":4},"end":{"line":111,"column":null}},{"start":{},"end":{}}],"line":108},"1":{"loc":{"start":{"line":53,"column":13},"end":{"line":53,"column":32}},"type":"binary-expr","locations":[{"start":{"line":53,"column":13},"end":{"line":53,"column":32}},{"start":{"line":53,"column":13},"end":{"line":53,"column":32}}],"line":53},"2":{"loc":{"start":{"line":53,"column":32},"end":{"line":1,"column":null}},"type":"if","locations":[{"start":{"line":53,"column":32},"end":{"line":1,"column":null}},{"start":{},"end":{}}],"line":53},"3":{"loc":{"start":{"line":53,"column":13},"end":{"line":47,"column":null}},"type":"binary-expr","locations":[{"start":{"line":53,"column":13},"end":{"line":53,"column":32}},{"start":{"line":53,"column":13},"end":{"line":53,"column":32}},{"start":{"line":53,"column":13},"end":{"line":47,"column":null}}],"line":53},"4":{"loc":{"start":{"line":53,"column":13},"end":{"line":53,"column":null}},"type":"binary-expr","locations":[{"start":{"line":53,"column":13},"end":{"line":53,"column":32}},{"start":{"line":53,"column":13},"end":{"line":53,"column":32}},{"start":{"line":53,"column":13},"end":{"line":53,"column":null}}],"line":53}},"s":{"0":1,"1":3,"2":1,"3":3,"4":3,"5":3,"6":3,"7":3,"8":3,"9":3,"10":3,"11":2,"12":1,"13":1,"14":1,"15":0,"16":1,"17":9,"18":1},"f":{"0":3,"1":3,"2":3,"3":3,"4":2,"5":1,"6":0,"7":1},"b":{"0":[1,1],"1":[3,3],"2":[3,6],"3":[1,1,1],"4":[1,1,1]},"meta":{"lastBranch":5,"lastFunction":8,"lastStatement":19,"seen":{"s:53:6:46:Infinity":0,"s:58:20:58:Infinity":1,"s:53:13:46:Infinity":2,"f:60:2:60:Infinity":0,"s:61:12:61:Infinity":3,"s:63:12:63:Infinity":4,"s:65:12:65:Infinity":5,"s:67:12:67:26":6,"s:70:4:86:Infinity":7,"f:89:2:89:10":1,"s:91:4:91:Infinity":8,"f:94:2:94:12":2,"s:96:4:103:Infinity":9,"f:99:14:99:23":3,"s:101:10:101:Infinity":10,"f:106:2:106:8":4,"b:108:4:111:Infinity:undefined:undefined:undefined:undefined":0,"s:108:4:111:Infinity":11,"s:110:6:110:Infinity":12,"s:113:4:126:Infinity":13,"f:117:14:117:19":5,"s:119:10:119:Infinity":14,"f:122:15:122:23":6,"s:124:10:124:Infinity":15,"s:53:13:53:Infinity":16,"b:53:13:53:32:53:13:53:32":1,"f:53:32:53:Infinity":7,"b:53:32:1:Infinity:undefined:undefined:undefined:undefined":2,"s:53:32:1:Infinity":17,"s:53:13:47:Infinity":18,"b:53:13:53:32:53:13:53:32:53:13:47:Infinity":3,"b:53:13:53:32:53:13:53:32:53:13:53:Infinity":4}}}
,"D:\\projet_openclass_room\\projet_4\\Prenez en charge le développement d'une application full-stack complète\\Front\\mdd-front\\src\\app\\features\\posts\\feed\\feed.html": {"path":"D:\\projet_openclass_room\\projet_4\\Prenez en charge le développement d'une application full-stack complète\\Front\\mdd-front\\src\\app\\features\\posts\\feed\\feed.html","statementMap":{"0":{"start":{"line":8,"column":0},"end":{"line":8,"column":null}},"1":{"start":{"line":11,"column":2},"end":{"line":11,"column":null}},"2":{"start":{"line":1,"column":0},"end":{"line":1,"column":null}},"3":{"start":{"line":6,"column":2},"end":{"line":6,"column":null}},"4":{"start":{"line":7,"column":0},"end":{"line":7,"column":null}},"5":{"start":{"line":10,"column":19},"end":{"line":10,"column":null}}},"fnMap":{},"branchMap":{},"s":{"0":0,"1":0,"2":0,"3":0,"4":0,"5":0},"f":{},"b":{},"meta":{"lastBranch":0,"lastFunction":0,"lastStatement":6,"seen":{"s:8:0:8:Infinity":0,"s:11:2:11:Infinity":1,"s:1:0:1:Infinity":2,"s:6:2:6:Infinity":3,"s:7:0:7:Infinity":4,"s:10:19:10:Infinity":5}}}
,"D:\\projet_openclass_room\\projet_4\\Prenez en charge le développement d'une application full-stack complète\\Front\\mdd-front\\src\\app\\features\\posts\\feed\\feed.ts": {"path":"D:\\projet_openclass_room\\projet_4\\Prenez en charge le développement d'une application full-stack complète\\Front\\mdd-front\\src\\app\\features\\posts\\feed\\feed.ts","statementMap":{"0":{"start":{"line":31,"column":6},"end":{"line":24,"column":null}},"1":{"start":{"line":33,"column":17},"end":{"line":33,"column":null}},"2":{"start":{"line":31,"column":13},"end":{"line":24,"column":null}},"3":{"start":{"line":31,"column":13},"end":{"line":31,"column":null}},"4":{"start":{"line":31,"column":26},"end":{"line":8,"column":null}},"5":{"start":{"line":31,"column":13},"end":{"line":25,"column":null}}},"fnMap":{"0":{"name":"(anonymous_0)","decl":{"start":{"line":31,"column":26},"end":{"line":31,"column":null}},"loc":{"start":{"line":31,"column":26},"end":{"line":21,"column":16}},"line":31}},"branchMap":{"0":{"loc":{"start":{"line":31,"column":13},"end":{"line":31,"column":26}},"type":"binary-expr","locations":[{"start":{"line":31,"column":13},"end":{"line":31,"column":26}},{"start":{"line":31,"column":13},"end":{"line":31,"column":26}}],"line":31},"1":{"loc":{"start":{"line":31,"column":26},"end":{"line":8,"column":null}},"type":"if","locations":[{"start":{"line":31,"column":26},"end":{"line":8,"column":null}},{"start":{},"end":{}}],"line":31},"2":{"loc":{"start":{"line":31,"column":13},"end":{"line":25,"column":null}},"type":"binary-expr","locations":[{"start":{"line":31,"column":13},"end":{"line":31,"column":26}},{"start":{"line":31,"column":13},"end":{"line":31,"column":26}},{"start":{"line":31,"column":13},"end":{"line":25,"column":null}}],"line":31},"3":{"loc":{"start":{"line":31,"column":13},"end":{"line":31,"column":null}},"type":"binary-expr","locations":[{"start":{"line":31,"column":13},"end":{"line":31,"column":26}},{"start":{"line":31,"column":13},"end":{"line":31,"column":26}},{"start":{"line":31,"column":13},"end":{"line":31,"column":null}}],"line":31}},"s":{"0":1,"1":1,"2":1,"3":1,"4":0,"5":1},"f":{"0":1},"b":{"0":[0,0],"1":[0,0],"2":[1,1,1],"3":[1,1,1]},"meta":{"lastBranch":4,"lastFunction":1,"lastStatement":6,"seen":{"s:31:6:24:Infinity":0,"s:33:17:33:Infinity":1,"s:31:13:24:Infinity":2,"s:31:13:31:Infinity":3,"b:31:13:31:26:31:13:31:26":0,"f:31:26:31:Infinity":0,"b:31:26:8:Infinity:undefined:undefined:undefined:undefined":1,"s:31:26:8:Infinity":4,"s:31:13:25:Infinity":5,"b:31:13:31:26:31:13:31:26:31:13:25:Infinity":2,"b:31:13:31:26:31:13:31:26:31:13:31:Infinity":3}}}
,"D:\\projet_openclass_room\\projet_4\\Prenez en charge le développement d'une application full-stack complète\\Front\\mdd-front\\src\\app\\features\\posts\\pages\\create-post\\create-post.html": {"path":"D:\\projet_openclass_room\\projet_4\\Prenez en charge le développement d'une application full-stack complète\\Front\\mdd-front\\src\\app\\features\\posts\\pages\\create-post\\create-post.html","statementMap":{"0":{"start":{"line":23,"column":8},"end":{"line":23,"column":null}},"1":{"start":{"line":28,"column":10},"end":{"line":28,"column":null}},"2":{"start":{"line":30,"column":8},"end":{"line":30,"column":null}},"3":{"start":{"line":25,"column":10},"end":{"line":25,"column":null}},"4":{"start":{"line":1,"column":0},"end":{"line":1,"column":null}},"5":{"start":{"line":3,"column":0},"end":{"line":3,"column":null}},"6":{"start":{"line":6,"column":4},"end":{"line":6,"column":null}},"7":{"start":{"line":7,"column":2},"end":{"line":7,"column":null}},"8":{"start":{"line":9,"column":2},"end":{"line":9,"column":null}},"9":{"start":{"line":11,"column":4},"end":{"line":11,"column":null}},"10":{"start":{"line":11,"column":4},"end":{"line":11,"column":24}},"11":{"start":{"line":15,"column":4},"end":{"line":15,"column":null}},"12":{"start":{"line":18,"column":8},"end":{"line":18,"column":null}},"13":{"start":{"line":19,"column":6},"end":{"line":19,"column":null}},"14":{"start":{"line":21,"column":6},"end":{"line":21,"column":null}},"15":{"start":{"line":32,"column":6},"end":{"line":32,"column":null}},"16":{"start":{"line":36,"column":4},"end":{"line":36,"column":null}},"17":{"start":{"line":39,"column":8},"end":{"line":39,"column":null}},"18":{"start":{"line":40,"column":6},"end":{"line":40,"column":null}},"19":{"start":{"line":42,"column":6},"end":{"line":42,"column":null}},"20":{"start":{"line":47,"column":4},"end":{"line":47,"column":null}},"21":{"start":{"line":49,"column":4},"end":{"line":49,"column":null}},"22":{"start":{"line":52,"column":8},"end":{"line":52,"column":null}},"23":{"start":{"line":53,"column":6},"end":{"line":53,"column":null}},"24":{"start":{"line":55,"column":6},"end":{"line":55,"column":null}},"25":{"start":{"line":60,"column":6},"end":{"line":60,"column":17}},"26":{"start":{"line":60,"column":6},"end":{"line":60,"column":null}},"27":{"start":{"line":64,"column":4},"end":{"line":64,"column":null}},"28":{"start":{"line":70,"column":6},"end":{"line":70,"column":null}},"29":{"start":{"line":72,"column":4},"end":{"line":74,"column":null}},"30":{"start":{"line":10,"column":4},"end":{"line":10,"column":null}},"31":{"start":{"line":24,"column":28},"end":{"line":24,"column":null}}},"fnMap":{"0":{"name":"CreatePostComponent_Template_form_ngSubmit_4_listener","decl":{"start":{"line":11,"column":4},"end":{"line":11,"column":16}},"loc":{"start":{"line":11,"column":4},"end":{"line":11,"column":null}},"line":11}},"branchMap":{},"s":{"0":1,"1":0,"2":0,"3":0,"4":1,"5":1,"6":1,"7":1,"8":1,"9":1,"10":0,"11":1,"12":1,"13":1,"14":1,"15":1,"16":1,"17":1,"18":1,"19":1,"20":1,"21":1,"22":1,"23":1,"24":1,"25":1,"26":1,"27":1,"28":1,"29":1,"30":2,"31":2},"f":{"0":0},"b":{},"meta":{"lastBranch":0,"lastFunction":1,"lastStatement":32,"seen":{"s:23:8:23:Infinity":0,"s:28:10:28:Infinity":1,"s:30:8:30:Infinity":2,"s:25:10:25:Infinity":3,"s:1:0:1:Infinity":4,"s:3:0:3:Infinity":5,"s:6:4:6:Infinity":6,"s:7:2:7:Infinity":7,"s:9:2:9:Infinity":8,"s:11:4:11:Infinity":9,"f:11:4:11:16":0,"s:11:4:11:24":10,"s:15:4:15:Infinity":11,"s:18:8:18:Infinity":12,"s:19:6:19:Infinity":13,"s:21:6:21:Infinity":14,"s:32:6:32:Infinity":15,"s:36:4:36:Infinity":16,"s:39:8:39:Infinity":17,"s:40:6:40:Infinity":18,"s:42:6:42:Infinity":19,"s:47:4:47:Infinity":20,"s:49:4:49:Infinity":21,"s:52:8:52:Infinity":22,"s:53:6:53:Infinity":23,"s:55:6:55:Infinity":24,"s:60:6:60:17":25,"s:60:6:60:Infinity":26,"s:64:4:64:Infinity":27,"s:70:6:70:Infinity":28,"s:72:4:74:Infinity":29,"s:10:4:10:Infinity":30,"s:24:28:24:Infinity":31}}}
,"D:\\projet_openclass_room\\projet_4\\Prenez en charge le développement d'une application full-stack complète\\Front\\mdd-front\\src\\app\\features\\posts\\pages\\create-post\\create-post.ts": {"path":"D:\\projet_openclass_room\\projet_4\\Prenez en charge le développement d'une application full-stack complète\\Front\\mdd-front\\src\\app\\features\\posts\\pages\\create-post\\create-post.ts","statementMap":{"0":{"start":{"line":53,"column":6},"end":{"line":46,"column":null}},"1":{"start":{"line":58,"column":20},"end":{"line":58,"column":null}},"2":{"start":{"line":53,"column":13},"end":{"line":46,"column":null}},"3":{"start":{"line":61,"column":12},"end":{"line":61,"column":null}},"4":{"start":{"line":63,"column":12},"end":{"line":63,"column":null}},"5":{"start":{"line":65,"column":12},"end":{"line":65,"column":null}},"6":{"start":{"line":67,"column":12},"end":{"line":67,"column":26}},"7":{"start":{"line":70,"column":4},"end":{"line":86,"column":null}},"8":{"start":{"line":91,"column":4},"end":{"line":91,"column":null}},"9":{"start":{"line":96,"column":4},"end":{"line":108,"column":null}},"10":{"start":{"line":101,"column":10},"end":{"line":101,"column":null}},"11":{"start":{"line":106,"column":10},"end":{"line":106,"column":null}},"12":{"start":{"line":113,"column":4},"end":{"line":116,"column":null}},"13":{"start":{"line":115,"column":6},"end":{"line":115,"column":null}},"14":{"start":{"line":118,"column":4},"end":{"line":131,"column":null}},"15":{"start":{"line":124,"column":10},"end":{"line":124,"column":null}},"16":{"start":{"line":129,"column":10},"end":{"line":129,"column":null}},"17":{"start":{"line":53,"column":13},"end":{"line":53,"column":null}},"18":{"start":{"line":53,"column":32},"end":{"line":74,"column":null}},"19":{"start":{"line":53,"column":13},"end":{"line":47,"column":null}}},"fnMap":{"0":{"name":"(anonymous_0)","decl":{"start":{"line":60,"column":2},"end":{"line":60,"column":null}},"loc":{"start":{"line":67,"column":26},"end":{"line":87,"column":null}},"line":67},"1":{"name":"(anonymous_1)","decl":{"start":{"line":89,"column":2},"end":{"line":89,"column":10}},"loc":{"start":{"line":89,"column":10},"end":{"line":92,"column":null}},"line":89},"2":{"name":"(anonymous_2)","decl":{"start":{"line":94,"column":2},"end":{"line":94,"column":12}},"loc":{"start":{"line":94,"column":12},"end":{"line":109,"column":null}},"line":94},"3":{"name":"(anonymous_3)","decl":{"start":{"line":99,"column":14},"end":{"line":99,"column":23}},"loc":{"start":{"line":99,"column":23},"end":{"line":102,"column":null}},"line":99},"4":{"name":"(anonymous_4)","decl":{"start":{"line":104,"column":15},"end":{"line":104,"column":23}},"loc":{"start":{"line":104,"column":23},"end":{"line":107,"column":null}},"line":104},"5":{"name":"(anonymous_5)","decl":{"start":{"line":111,"column":2},"end":{"line":111,"column":8}},"loc":{"start":{"line":111,"column":8},"end":{"line":132,"column":null}},"line":111},"6":{"name":"(anonymous_6)","decl":{"start":{"line":122,"column":14},"end":{"line":122,"column":19}},"loc":{"start":{"line":122,"column":19},"end":{"line":125,"column":null}},"line":122},"7":{"name":"(anonymous_7)","decl":{"start":{"line":127,"column":15},"end":{"line":127,"column":23}},"loc":{"start":{"line":127,"column":23},"end":{"line":130,"column":null}},"line":127},"8":{"name":"(anonymous_8)","decl":{"start":{"line":53,"column":32},"end":{"line":53,"column":null}},"loc":{"start":{"line":53,"column":32},"end":{"line":24,"column":null}},"line":53}},"branchMap":{"0":{"loc":{"start":{"line":113,"column":4},"end":{"line":116,"column":null}},"type":"if","locations":[{"start":{"line":113,"column":4},"end":{"line":116,"column":null}},{"start":{},"end":{}}],"line":113},"1":{"loc":{"start":{"line":53,"column":13},"end":{"line":53,"column":32}},"type":"binary-expr","locations":[{"start":{"line":53,"column":13},"end":{"line":53,"column":32}},{"start":{"line":53,"column":13},"end":{"line":53,"column":32}}],"line":53},"2":{"loc":{"start":{"line":53,"column":32},"end":{"line":74,"column":null}},"type":"if","locations":[{"start":{"line":53,"column":32},"end":{"line":74,"column":null}},{"start":{},"end":{}}],"line":53},"3":{
[...]
ine":30,"column":13},"end":{"line":24,"column":null}}},"fnMap":{"0":{"name":"(anonymous_0)","decl":{"start":{"line":34,"column":2},"end":{"line":34,"column":null}},"loc":{"start":{"line":35,"column":38},"end":{"line":36,"column":null}},"line":35},"1":{"name":"(anonymous_1)","decl":{"start":{"line":38,"column":2},"end":{"line":38,"column":10}},"loc":{"start":{"line":38,"column":10},"end":{"line":41,"column":null}},"line":38},"2":{"name":"(anonymous_2)","decl":{"start":{"line":43,"column":2},"end":{"line":43,"column":12}},"loc":{"start":{"line":43,"column":12},"end":{"line":60,"column":null}},"line":43},"3":{"name":"(anonymous_3)","decl":{"start":{"line":48,"column":12},"end":{"line":48,"column":21}},"loc":{"start":{"line":48,"column":21},"end":{"line":53,"column":null}},"line":48},"4":{"name":"(anonymous_4)","decl":{"start":{"line":55,"column":13},"end":{"line":55,"column":21}},"loc":{"start":{"line":55,"column":21},"end":{"line":58,"column":null}},"line":55},"5":{"name":"(anonymous_5)","decl":{"start":{"line":62,"column":2},"end":{"line":62,"column":21}},"loc":{"start":{"line":62,"column":33},"end":{"line":80,"column":null}},"line":62},"6":{"name":"(anonymous_6)","decl":{"start":{"line":67,"column":19},"end":{"line":67,"column":24}},"loc":{"start":{"line":67,"column":24},"end":{"line":70,"column":9}},"line":67},"7":{"name":"(anonymous_7)","decl":{"start":{"line":75,"column":19},"end":{"line":75,"column":24}},"loc":{"start":{"line":75,"column":24},"end":{"line":78,"column":9}},"line":75},"8":{"name":"(anonymous_8)","decl":{"start":{"line":30,"column":28},"end":{"line":30,"column":null}},"loc":{"start":{"line":30,"column":28},"end":{"line":19,"column":16}},"line":30}},"branchMap":{"0":{"loc":{"start":{"line":64,"column":4},"end":{"line":79,"column":null}},"type":"if","locations":[{"start":{"line":64,"column":4},"end":{"line":79,"column":null}},{"start":{"line":72,"column":11},"end":{"line":79,"column":null}}],"line":64},"1":{"loc":{"start":{"line":30,"column":13},"end":{"line":30,"column":28}},"type":"binary-expr","locations":[{"start":{"line":30,"column":13},"end":{"line":30,"column":28}},{"start":{"line":30,"column":13},"end":{"line":30,"column":28}}],"line":30},"2":{"loc":{"start":{"line":30,"column":28},"end":{"line":44,"column":null}},"type":"if","locations":[{"start":{"line":30,"column":28},"end":{"line":44,"column":null}},{"start":{},"end":{}}],"line":30},"3":{"loc":{"start":{"line":30,"column":13},"end":{"line":24,"column":null}},"type":"binary-expr","locations":[{"start":{"line":30,"column":13},"end":{"line":30,"column":28}},{"start":{"line":30,"column":13},"end":{"line":30,"column":28}},{"start":{"line":30,"column":13},"end":{"line":24,"column":null}}],"line":30},"4":{"loc":{"start":{"line":30,"column":13},"end":{"line":30,"column":null}},"type":"binary-expr","locations":[{"start":{"line":30,"column":13},"end":{"line":30,"column":28}},{"start":{"line":30,"column":13},"end":{"line":30,"column":28}},{"start":{"line":30,"column":13},"end":{"line":30,"column":null}}],"line":30}},"s":{"0":1,"1":3,"2":1,"3":3,"4":3,"5":3,"6":3,"7":3,"8":0,"9":2,"10":1,"11":1,"12":1,"13":1,"14":1,"15":9,"16":1},"f":{"0":3,"1":3,"2":3,"3":3,"4":0,"5":2,"6":1,"7":1,"8":1},"b":{"0":[1,1],"1":[3,3],"2":[3,6],"3":[1,1,1],"4":[1,1,1]},"meta":{"lastBranch":5,"lastFunction":9,"lastStatement":17,"seen":{"s:30:6:22:Infinity":0,"s:32:20:32:Infinity":1,"s:30:13:22:Infinity":2,"f:34:2:34:Infinity":0,"s:35:12:35:38":3,"f:38:2:38:10":1,"s:40:4:40:Infinity":4,"f:43:2:43:12":2,"s:45:2:59:Infinity":5,"f:48:12:48:21":3,"s:50:8:50:Infinity":6,"s:52:8:52:Infinity":7,"f:55:13:55:21":4,"s:57:8:57:Infinity":8,"f:62:2:62:21":5,"b:64:4:79:Infinity:72:11:79:Infinity":0,"s:64:4:79:Infinity":9,"s:66:6:70:Infinity":10,"f:67:19:67:24":6,"s:69:10:69:Infinity":11,"s:74:6:78:Infinity":12,"f:75:19:75:24":7,"s:77:10:77:Infinity":13,"s:30:13:30:Infinity":14,"b:30:13:30:28:30:13:30:28":1,"f:30:28:30:Infinity":8,"b:30:28:44:Infinity:undefined:undefined:undefined:undefined":2,"s:30:28:44:Infinity":15,"s:30:13:24:Infinity":16,"b:30:13:30:28:30:13:30:28:30:13:24:Infinity":3,"b:30:13:30:28:30:13:30:28:30:13:30:Infinity":4}}}
,"D:\\projet_openclass_room\\projet_4\\Prenez en charge le développement d'une application full-stack complète\\Front\\mdd-front\\src\\app\\features\\topics\\topics-list\\topics-list.html": {"path":"D:\\projet_openclass_room\\projet_4\\Prenez en charge le développement d'une application full-stack complète\\Front\\mdd-front\\src\\app\\features\\topics\\topics-list\\topics-list.html","statementMap":{"0":{"start":{"line":1,"column":0},"end":{"line":1,"column":3}},"1":{"start":{"line":1,"column":3},"end":{"line":1,"column":21}},"2":{"start":{"line":1,"column":21},"end":{"line":1,"column":null}}},"fnMap":{},"branchMap":{},"s":{"0":1,"1":1,"2":1},"f":{},"b":{},"meta":{"lastBranch":0,"lastFunction":0,"lastStatement":3,"seen":{"s:1:0:1:3":0,"s:1:3:1:21":1,"s:1:21:1:Infinity":2}}}
,"D:\\projet_openclass_room\\projet_4\\Prenez en charge le développement d'une application full-stack complète\\Front\\mdd-front\\src\\app\\features\\topics\\topics-list\\topics-list.ts": {"path":"D:\\projet_openclass_room\\projet_4\\Prenez en charge le développement d'une application full-stack complète\\Front\\mdd-front\\src\\app\\features\\topics\\topics-list\\topics-list.ts","statementMap":{"0":{"start":{"line":9,"column":6},"end":{"line":1,"column":null}},"1":{"start":{"line":9,"column":13},"end":{"line":1,"column":null}},"2":{"start":{"line":9,"column":13},"end":{"line":9,"column":null}},"3":{"start":{"line":9,"column":23},"end":{"line":1,"column":null}},"4":{"start":{"line":9,"column":13},"end":{"line":5,"column":null}}},"fnMap":{"0":{"name":"(anonymous_0)","decl":{"start":{"line":9,"column":23},"end":{"line":9,"column":null}},"loc":{"start":{"line":9,"column":23},"end":{"line":1,"column":null}},"line":9}},"branchMap":{"0":{"loc":{"start":{"line":9,"column":13},"end":{"line":9,"column":23}},"type":"binary-expr","locations":[{"start":{"line":9,"column":13},"end":{"line":9,"column":23}},{"start":{"line":9,"column":13},"end":{"line":9,"column":23}}],"line":9},"1":{"loc":{"start":{"line":9,"column":23},"end":{"line":1,"column":null}},"type":"if","locations":[{"start":{"line":9,"column":23},"end":{"line":1,"column":null}},{"start":{},"end":{}}],"line":9},"2":{"loc":{"start":{"line":9,"column":13},"end":{"line":5,"column":null}},"type":"binary-expr","locations":[{"start":{"line":9,"column":13},"end":{"line":9,"column":23}},{"start":{"line":9,"column":13},"end":{"line":9,"column":23}},{"start":{"line":9,"column":13},"end":{"line":5,"column":null}}],"line":9},"3":{"loc":{"start":{"line":9,"column":13},"end":{"line":9,"column":null}},"type":"binary-expr","locations":[{"start":{"line":9,"column":13},"end":{"line":9,"column":23}},{"start":{"line":9,"column":13},"end":{"line":9,"column":23}},{"start":{"line":9,"column":13},"end":{"line":9,"column":null}}],"line":9}},"s":{"0":1,"1":1,"2":1,"3":3,"4":1},"f":{"0":1},"b":{"0":[1,1],"1":[1,2],"2":[1,1,1],"3":[1,1,1]},"meta":{"lastBranch":4,"lastFunction":1,"lastStatement":5,"seen":{"s:9:6:1:Infinity":0,"s:9:13:1:Infinity":1,"s:9:13:9:Infinity":2,"b:9:13:9:23:9:13:9:23":0,"f:9:23:9:Infinity":0,"b:9:23:1:Infinity:undefined:undefined:undefined:undefined":1,"s:9:23:1:Infinity":3,"s:9:13:5:Infinity":4,"b:9:13:9:23:9:13:9:23:9:13:5:Infinity":2,"b:9:13:9:23:9:13:9:23:9:13:9:Infinity":3}}}
,"D:\\projet_openclass_room\\projet_4\\Prenez en charge le développement d'une application full-stack complète\\Front\\mdd-front\\src\\app\\layout\\navbar\\navbar.html": {"path":"D:\\projet_openclass_room\\projet_4\\Prenez en charge le développement d'une application full-stack complète\\Front\\mdd-front\\src\\app\\layout\\navbar\\navbar.html","statementMap":{"0":{"start":{"line":1,"column":0},"end":{"line":1,"column":null}},"1":{"start":{"line":5,"column":4},"end":{"line":5,"column":null}},"2":{"start":{"line":11,"column":2},"end":{"line":11,"column":null}},"3":{"start":{"line":13,"column":2},"end":{"line":13,"column":null}},"4":{"start":{"line":19,"column":6},"end":{"line":19,"column":null}},"5":{"start":{"line":20,"column":4},"end":{"line":20,"column":null}},"6":{"start":{"line":22,"column":4},"end":{"line":22,"column":null}},"7":{"start":{"line":26,"column":6},"end":{"line":26,"column":null}},"8":{"start":{"line":27,"column":4},"end":{"line":27,"column":null}},"9":{"start":{"line":29,"column":4},"end":{"line":29,"column":null}},"10":{"start":{"line":31,"column":6},"end":{"line":31,"column":null}},"11":{"start":{"line":31,"column":6},"end":{"line":31,"column":23}},"12":{"start":{"line":33,"column":6},"end":{"line":33,"column":null}},"13":{"start":{"line":34,"column":4},"end":{"line":34,"column":null}},"14":{"start":{"line":36,"column":4},"end":{"line":39,"column":null}},"15":{"start":{"line":41,"column":8},"end":{"line":41,"column":null}},"16":{"start":{"line":42,"column":6},"end":{"line":45,"column":null}}},"fnMap":{"0":{"name":"NavbarComponent_Template_button_click_8_listener","decl":{"start":{"line":31,"column":6},"end":{"line":31,"column":15}},"loc":{"start":{"line":31,"column":6},"end":{"line":31,"column":null}},"line":31}},"branchMap":{},"s":{"0":8,"1":8,"2":8,"3":8,"4":8,"5":8,"6":8,"7":8,"8":8,"9":8,"10":8,"11":0,"12":8,"13":8,"14":8,"15":8,"16":8},"f":{"0":0},"b":{},"meta":{"lastBranch":0,"lastFunction":1,"lastStatement":17,"seen":{"s:1:0:1:Infinity":0,"s:5:4:5:Infinity":1,"s:11:2:11:Infinity":2,"s:13:2:13:Infinity":3,"s:19:6:19:Infinity":4,"s:20:4:20:Infinity":5,"s:22:4:22:Infinity":6,"s:26:6:26:Infinity":7,"s:27:4:27:Infinity":8,"s:29:4:29:Infinity":9,"s:31:6:31:Infinity":10,"f:31:6:31:15":0,"s:31:6:31:23":11,"s:33:6:33:Infinity":12,"s:34:4:34:Infinity":13,"s:36:4:39:Infinity":14,"s:41:8:41:Infinity":15,"s:42:6:45:Infinity":16}}}
,"D:\\projet_openclass_room\\projet_4\\Prenez en charge le développement d'une application full-stack complète\\Front\\mdd-front\\src\\app\\layout\\navbar\\navbar.ts": {"path":"D:\\projet_openclass_room\\projet_4\\Prenez en charge le développement d'une application full-stack complète\\Front\\mdd-front\\src\\app\\layout\\navbar\\navbar.ts","statementMap":{"0":{"start":{"line":34,"column":6},"end":{"line":27,"column":null}},"1":{"start":{"line":34,"column":13},"end":{"line":27,"column":null}},"2":{"start":{"line":37,"column":12},"end":{"line":37,"column":null}},"3":{"start":{"line":38,"column":12},"end":{"line":38,"column":26}},"4":{"start":{"line":43,"column":4},"end":{"line":43,"column":null}},"5":{"start":{"line":45,"column":4},"end":{"line":45,"column":null}},"6":{"start":{"line":34,"column":13},"end":{"line":34,"column":null}},"7":{"start":{"line":34,"column":28},"end":{"line":45,"column":null}},"8":{"start":{"line":34,"column":13},"end":{"line":28,"column":null}}},"fnMap":{"0":{"name":"(anonymous_0)","decl":{"start":{"line":36,"column":2},"end":{"line":36,"column":null}},"loc":{"start":{"line":38,"column":26},"end":{"line":39,"column":null}},"line":38},"1":{"name":"(anonymous_1)","decl":{"start":{"line":41,"column":2},"end":{"line":41,"column":8}},"loc":{"start":{"line":41,"column":8},"end":{"line":46,"column":null}},"line":41},"2":{"name":"(anonymous_2)","decl":{"start":{"line":34,"column":28},"end":{"line":34,"column":null}},"loc":{"start":{"line":34,"column":28},"end":{"line":45,"column":null}},"line":34}},"branchMap":{"0":{"loc":{"start":{"line":34,"column":13},"end":{"line":34,"column":28}},"type":"binary-expr","locations":[{"start":{"line":34,"column":13},"end":{"line":34,"column":28}},{"start":{"line":34,"column":13},"end":{"line":34,"column":28}}],"line":34},"1":{"loc":{"start":{"line":34,"column":28},"end":{"line":45,"column":null}},"type":"if","locations":[{"start":{"line":34,"column":28},"end":{"line":45,"column":null}},{"start":{},"end":{}}],"line":34},"2":{"loc":{"start":{"line":34,"column":13},"end":{"line":28,"column":null}},"type":"binary-expr","locations":[{"start":{"line":34,"column":13},"end":{"line":34,"column":28}},{"start":{"line":34,"column":13},"end":{"line":34,"column":28}},{"start":{"line":34,"column":13},"end":{"line":28,"column":null}}],"line":34},"3":{"loc":{"start":{"line":34,"column":13},"end":{"line":34,"column":null}},"type":"binary-expr","locations":[{"start":{"line":34,"column":13},"end":{"line":34,"column":28}},{"start":{"line":34,"column":13},"end":{"line":34,"column":28}},{"start":{"line":34,"column":13},"end":{"line":34,"column":null}}],"line":34}},"s":{"0":5,"1":5,"2":8,"3":8,"4":1,"5":1,"6":5,"7":24,"8":5},"f":{"0":8,"1":1,"2":5},"b":{"0":[8,8],"1":[8,16],"2":[5,5,5],"3":[5,5,5]},"meta":{"lastBranch":4,"lastFunction":3,"lastStatement":9,"seen":{"s:34:6:27:Infinity":0,"s:34:13:27:Infinity":1,"f:36:2:36:Infinity":0,"s:37:12:37:Infinity":2,"s:38:12:38:26":3,"f:41:2:41:8":1,"s:43:4:43:Infinity":4,"s:45:4:45:Infinity":5,"s:34:13:34:Infinity":6,"b:34:13:34:28:34:13:34:28":0,"f:34:28:34:Infinity":2,"b:34:28:45:Infinity:undefined:undefined:undefined:undefined":1,"s:34:28:45:Infinity":7,"s:34:13:28:Infinity":8,"b:34:13:34:28:34:13:34:28:34:13:28:Infinity":2,"b:34:13:34:28:34:13:34:28:34:13:34:Infinity":3}}}
,"D:\\projet_openclass_room\\projet_4\\Prenez en charge le développement d'une application full-stack complète\\Front\\mdd-front\\src\\app\\layouts\\footer\\footer.html": {"path":"D:\\projet_openclass_room\\projet_4\\Prenez en charge le développement d'une application full-stack complète\\Front\\mdd-front\\src\\app\\layouts\\footer\\footer.html","statementMap":{"0":{"start":{"line":1,"column":0},"end":{"line":1,"column":3}},"1":{"start":{"line":1,"column":3},"end":{"line":1,"column":16}},"2":{"start":{"line":1,"column":16},"end":{"line":1,"column":null}}},"fnMap":{},"branchMap":{},"s":{"0":1,"1":1,"2":1},"f":{},"b":{},"meta":{"lastBranch":0,"lastFunction":0,"lastStatement":3,"seen":{"s:1:0:1:3":0,"s:1:3:1:16":1,"s:1:16:1:Infinity":2}}}
,"D:\\projet_openclass_room\\projet_4\\Prenez en charge le développement d'une application full-stack complète\\Front\\mdd-front\\src\\app\\layouts\\footer\\footer.ts": {"path":"D:\\projet_openclass_room\\projet_4\\Prenez en charge le développement d'une application full-stack complète\\Front\\mdd-front\\src\\app\\layouts\\footer\\footer.ts","statementMap":{"0":{"start":{"line":9,"column":6},"end":{"line":1,"column":null}},"1":{"start":{"line":9,"column":13},"end":{"line":1,"column":null}},"2":{"start":{"line":9,"column":13},"end":{"line":9,"column":null}},"3":{"start":{"line":9,"column":19},"end":{"line":1,"column":null}},"4":{"start":{"line":9,"column":13},"end":{"line":5,"column":null}}},"fnMap":{"0":{"name":"(anonymous_0)","decl":{"start":{"line":9,"column":19},"end":{"line":9,"column":null}},"loc":{"start":{"line":9,"column":19},"end":{"line":1,"column":null}},"line":9}},"branchMap":{"0":{"loc":{"start":{"line":9,"column":13},"end":{"line":9,"column":19}},"type":"binary-expr","locations":[{"start":{"line":9,"column":13},"end":{"line":9,"column":19}},{"start":{"line":9,"column":13},"end":{"line":9,"column":19}}],"line":9},"1":{"loc":{"start":{"line":9,"column":19},"end":{"line":1,"column":null}},"type":"if","locations":[{"start":{"line":9,"column":19},"end":{"line":1,"column":null}},{"start":{},"end":{}}],"line":9},"2":{"loc":{"start":{"line":9,"column":13},"end":{"line":5,"column":null}},"type":"binary-expr","locations":[{"start":{"line":9,"column":13},"end":{"line":9,"column":19}},{"start":{"line":9,"column":13},"end":{"line":9,"column":19}},{"start":{"line":9,"column":13},"end":{"line":5,"column":null}}],"line":9},"3":{"loc":{"start":{"line":9,"column":13},"end":{"line":9,"column":null}},"type":"binary-expr","locations":[{"start":{"line":9,"column":13},"end":{"line":9,"column":19}},{"start":{"line":9,"column":13},"end":{"line":9,"column":19}},{"start":{"line":9,"column":13},"end":{"line":9,"column":null}}],"line":9}},"s":{"0":1,"1":1,"2":1,"3":3,"4":1},"f":{"0":1},"b":{"0":[1,1],"1":[1,2],"2":[1,1,1],"3":[1,1,1]},"meta":{"lastBranch":4,"lastFunction":1,"lastStatement":5,"seen":{"s:9:6:1:Infinity":0,"s:9:13:1:Infinity":1,"s:9:13:9:Infinity":2,"b:9:13:9:19:9:13:9:19":0,"f:9:19:9:Infinity":0,"b:9:19:1:Infinity:undefined:undefined:undefined:undefined":1,"s:9:19:1:Infinity":3,"s:9:13:5:Infinity":4,"b:9:13:9:19:9:13:9:19:9:13:5:Infinity":2,"b:9:13:9:19:9:13:9:19:9:13:9:Infinity":3}}}
,"D:\\projet_openclass_room\\projet_4\\Prenez en charge le développement d'une application full-stack complète\\Front\\mdd-front\\src\\app\\layouts\\navbar\\navbar.html": {"path":"D:\\projet_openclass_room\\projet_4\\Prenez en charge le développement d'une application full-stack complète\\Front\\mdd-front\\src\\app\\layouts\\navbar\\navbar.html","statementMap":{"0":{"start":{"line":1,"column":0},"end":{"line":1,"column":3}},"1":{"start":{"line":1,"column":3},"end":{"line":1,"column":16}},"2":{"start":{"line":1,"column":16},"end":{"line":1,"column":null}}},"fnMap":{},"branchMap":{},"s":{"0":1,"1":1,"2":1},"f":{},"b":{},"meta":{"lastBranch":0,"lastFunction":0,"lastStatement":3,"seen":{"s:1:0:1:3":0,"s:1:3:1:16":1,"s:1:16:1:Infinity":2}}}
,"D:\\projet_openclass_room\\projet_4\\Prenez en charge le développement d'une application full-stack complète\\Front\\mdd-front\\src\\app\\layouts\\navbar\\navbar.ts": {"path":"D:\\projet_openclass_room\\projet_4\\Prenez en charge le développement d'une application full-stack complète\\Front\\mdd-front\\src\\app\\layouts\\navbar\\navbar.ts","statementMap":{"0":{"start":{"line":9,"column":6},"end":{"line":1,"column":null}},"1":{"start":{"line":9,"column":13},"end":{"line":1,"column":null}},"2":{"start":{"line":9,"column":13},"end":{"line":9,"column":null}},"3":{"start":{"line":9,"column":19},"end":{"line":1,"column":null}},"4":{"start":{"line":9,"column":13},"end":{"line":5,"column":null}}},"fnMap":{"0":{"name":"(anonymous_0)","decl":{"start":{"line":9,"column":19},"end":{"line":9,"column":null}},"loc":{"start":{"line":9,"column":19},"end":{"line":1,"column":null}},"line":9}},"branchMap":{"0":{"loc":{"start":{"line":9,"column":13},"end":{"line":9,"column":19}},"type":"binary-expr","locations":[{"start":{"line":9,"column":13},"end":{"line":9,"column":19}},{"start":{"line":9,"column":13},"end":{"line":9,"column":19}}],"line":9},"1":{"loc":{"start":{"line":9,"column":19},"end":{"line":1,"column":null}},"type":"if","locations":[{"start":{"line":9,"column":19},"end":{"line":1,"column":null}},{"start":{},"end":{}}],"line":9},"2":{"loc":{"start":{"line":9,"column":13},"end":{"line":5,"column":null}},"type":"binary-expr","locations":[{"start":{"line":9,"column":13},"end":{"line":9,"column":19}},{"start":{"line":9,"column":13},"end":{"line":9,"column":19}},{"start":{"line":9,"column":13},"end":{"line":5,"column":null}}],"line":9},"3":{"loc":{"start":{"line":9,"column":13},"end":{"line":9,"column":null}},"type":"binary-expr","locations":[{"start":{"line":9,"column":13},"end":{"line":9,"column":19}},{"start":{"line":9,"column":13},"end":{"line":9,"column":19}},{"start":{"line":9,"column":13},"end":{"line":9,"column":null}}],"line":9}},"s":{"0":1,"1":1,"2":1,"3":3,"4":1},"f":{"0":1},"b":{"0":[1,1],"1":[1,2],"2":[1,1,1],"3":[1,1,1]},"meta":{"lastBranch":4,"lastFunction":1,"lastStatement":5,"seen":{"s:9:6:1:Infinity":0,"s:9:13:1:Infinity":1,"s:9:13:9:Infinity":2,"b:9:13:9:19:9:13:9:19":0,"f:9:19:9:Infinity":0,"b:9:19:1:Infinity:undefined:undefined:undefined:undefined":1,"s:9:19:1:Infinity":3,"s:9:13:5:Infinity":4,"b:9:13:9:19:9:13:9:19:9:13:5:Infinity":2,"b:9:13:9:19:9:13:9:19:9:13:9:Infinity":3}}}
,"D:\\projet_openclass_room\\projet_4\\Prenez en charge le développement d'une application full-stack complète\\Front\\mdd-front\\src\\environments\\environment.ts": {"path":"D:\\projet_openclass_room\\projet_4\\Prenez en charge le développement d'une application full-stack complète\\Front\\mdd-front\\src\\environments\\environment.ts","statementMap":{"0":{"start":{"line":1,"column":27},"end":{"line":5,"column":null}}},"fnMap":{},"branchMap":{},"s":{"0":7},"f":{},"b":{},"meta":{"lastBranch":0,"lastFunction":0,"lastStatement":1,"seen":{"s:1:27:5:Infinity":0}}}
}
